<?xml version="1.0" encoding="UTF-8"?>
<!-- Generated by org.testng.reporters.JUnitXMLReporter -->
<testsuite ignored="9" hostname="Ashok" failures="0" tests="2" name="Default test" time="31.031" errors="0" timestamp="2023-02-17T10:58:23 IST">
  <testcase classname="com.hrms.masters.tests.MastersGeographyTest" name="LoginTest" time="15.6"/>
  <testcase classname="com.hrms.masters.tests.MastersGeographyTest" name="CountryTest" time="7.413"/>
  <testcase classname="com.hrms.masters.tests.MastersGeographyTest" name="AreaTest" time="0.0">
    <ignored/>
  </testcase> <!-- AreaTest -->
  <testcase classname="com.hrms.masters.tests.MastersGeographyTest" name="CityEditTest" time="0.0">
    <ignored/>
  </testcase> <!-- CityEditTest -->
  <testcase classname="com.hrms.masters.tests.MastersGeographyTest" name="WorklocationTest" time="0.0">
    <ignored/>
  </testcase> <!-- WorklocationTest -->
  <testcase classname="com.hrms.masters.tests.MastersGeographyTest" name="WorklocationEditTest" time="0.0">
    <ignored/>
  </testcase> <!-- WorklocationEditTest -->
  <testcase classname="com.hrms.masters.tests.MastersGeographyTest" name="CountryEditTest" time="0.0">
    <ignored/>
  </testcase> <!-- CountryEditTest -->
  <testcase classname="com.hrms.masters.tests.MastersGeographyTest" name="CityTest" time="0.0">
    <ignored/>
  </testcase> <!-- CityTest -->
  <testcase classname="com.hrms.masters.tests.MastersGeographyTest" name="StateEditTest" time="0.0">
    <ignored/>
  </testcase> <!-- StateEditTest -->
  <testcase classname="com.hrms.masters.tests.MastersGeographyTest" name="StateTest" time="0.0">
    <ignored/>
  </testcase> <!-- StateTest -->
  <testcase classname="com.hrms.masters.tests.MastersGeographyTest" name="AreaEditTest" time="0.0">
    <ignored/>
  </testcase> <!-- AreaEditTest -->
</testsuite> <!-- Default test -->
