<?xml version="1.0" encoding="UTF-8"?>
<!-- Generated by org.testng.reporters.JUnitXMLReporter -->
<testsuite ignored="9" hostname="Ashok" failures="0" tests="1" name="Default test" time="54.543" errors="0" timestamp="2023-02-28T19:00:52 IST">
  <testcase classname="com.hrms.masters.tests.MastersGeographyTest" name="AreaEditTest" time="25.063"/>
  <testcase classname="com.hrms.masters.tests.MastersGeographyTest" name="AreaTest" time="0.0">
    <ignored/>
  </testcase> <!-- AreaTest -->
  <testcase classname="com.hrms.masters.tests.MastersGeographyTest" name="CityEditTest" time="0.0">
    <ignored/>
  </testcase> <!-- CityEditTest -->
  <testcase classname="com.hrms.masters.tests.MastersGeographyTest" name="WorklocationTest" time="0.0">
    <ignored/>
  </testcase> <!-- WorklocationTest -->
  <testcase classname="com.hrms.masters.tests.MastersGeographyTest" name="WorklocationEditTest" time="0.0">
    <ignored/>
  </testcase> <!-- WorklocationEditTest -->
  <testcase classname="com.hrms.masters.tests.MastersGeographyTest" name="CountryTest" time="0.0">
    <ignored/>
  </testcase> <!-- CountryTest -->
  <testcase classname="com.hrms.masters.tests.MastersGeographyTest" name="CountryEditTest" time="0.0">
    <ignored/>
  </testcase> <!-- CountryEditTest -->
  <testcase classname="com.hrms.masters.tests.MastersGeographyTest" name="CityTest" time="0.0">
    <ignored/>
  </testcase> <!-- CityTest -->
  <testcase classname="com.hrms.masters.tests.MastersGeographyTest" name="StateEditTest" time="0.0">
    <ignored/>
  </testcase> <!-- StateEditTest -->
  <testcase classname="com.hrms.masters.tests.MastersGeographyTest" name="StateTest" time="0.0">
    <ignored/>
  </testcase> <!-- StateTest -->
</testsuite> <!-- Default test -->
