<?xml version="1.0" encoding="UTF-8"?>
<!-- Generated by org.testng.reporters.JUnitXMLReporter -->
<testsuite ignored="11" hostname="Ashok" failures="0" tests="2" name="Default test" time="27.648" errors="0" timestamp="2023-02-20T13:02:57 IST">
  <testcase classname="com.hrms.masters.tests.MastersPersonalTest" name="LoginTest" time="16.752"/>
  <testcase classname="com.hrms.masters.tests.MastersPersonalTest" name="BloodGroupTest" time="9.958"/>
  <testcase classname="com.hrms.masters.tests.MastersPersonalTest" name="IdentificationProofEditTest" time="0.0">
    <ignored/>
  </testcase> <!-- IdentificationProofEditTest -->
  <testcase classname="com.hrms.masters.tests.MastersPersonalTest" name="LanguageEditTest" time="0.0">
    <ignored/>
  </testcase> <!-- LanguageEditTest -->
  <testcase classname="com.hrms.masters.tests.MastersPersonalTest" name="RelationshipEditTest" time="0.0">
    <ignored/>
  </testcase> <!-- RelationshipEditTest -->
  <testcase classname="com.hrms.masters.tests.MastersPersonalTest" name="ReligionTest" time="0.0">
    <ignored/>
  </testcase> <!-- ReligionTest -->
  <testcase classname="com.hrms.masters.tests.MastersPersonalTest" name="IdentificationProofTest" time="0.0">
    <ignored/>
  </testcase> <!-- IdentificationProofTest -->
  <testcase classname="com.hrms.masters.tests.MastersPersonalTest" name="LanguageTest" time="0.0">
    <ignored/>
  </testcase> <!-- LanguageTest -->
  <testcase classname="com.hrms.masters.tests.MastersPersonalTest" name="ReligionEditTest" time="0.0">
    <ignored/>
  </testcase> <!-- ReligionEditTest -->
  <testcase classname="com.hrms.masters.tests.MastersPersonalTest" name="NationalityTest" time="0.0">
    <ignored/>
  </testcase> <!-- NationalityTest -->
  <testcase classname="com.hrms.masters.tests.MastersPersonalTest" name="NationalityEditTest" time="0.0">
    <ignored/>
  </testcase> <!-- NationalityEditTest -->
  <testcase classname="com.hrms.masters.tests.MastersPersonalTest" name="BloodGroupEditTest" time="0.0">
    <ignored/>
  </testcase> <!-- BloodGroupEditTest -->
  <testcase classname="com.hrms.masters.tests.MastersPersonalTest" name="RelationShipTest" time="0.0">
    <ignored/>
  </testcase> <!-- RelationShipTest -->
</testsuite> <!-- Default test -->
