<?xml version="1.0" encoding="UTF-8"?>
<!-- Generated by org.testng.reporters.JUnitXMLReporter -->
<testsuite ignored="7" hostname="Ashok" failures="0" tests="1" name="Default test" time="31.837" errors="0" timestamp="2023-03-02T14:35:02 IST">
  <testcase classname="com.hrms.masters.tests.MastersRecruitmentTest" name="CompetenciesEditTest" time="6.275"/>
  <testcase classname="com.hrms.masters.tests.MastersRecruitmentTest" name="SkillTest" time="0.0">
    <ignored/>
  </testcase> <!-- SkillTest -->
  <testcase classname="com.hrms.masters.tests.MastersRecruitmentTest" name="ConsultantEditTest" time="0.0">
    <ignored/>
  </testcase> <!-- ConsultantEditTest -->
  <testcase classname="com.hrms.masters.tests.MastersRecruitmentTest" name="EvalutionFormEditTest" time="0.0">
    <ignored/>
  </testcase> <!-- EvalutionFormEditTest -->
  <testcase classname="com.hrms.masters.tests.MastersRecruitmentTest" name="SkillEditTest" time="0.0">
    <ignored/>
  </testcase> <!-- SkillEditTest -->
  <testcase classname="com.hrms.masters.tests.MastersRecruitmentTest" name="EvalutionFormTest" time="0.0">
    <ignored/>
  </testcase> <!-- EvalutionFormTest -->
  <testcase classname="com.hrms.masters.tests.MastersRecruitmentTest" name="CompetenciesTest" time="0.0">
    <ignored/>
  </testcase> <!-- CompetenciesTest -->
  <testcase classname="com.hrms.masters.tests.MastersRecruitmentTest" name="ConsultantTest" time="0.0">
    <ignored/>
  </testcase> <!-- ConsultantTest -->
</testsuite> <!-- Default test -->
