<?xml version="1.0" encoding="UTF-8"?>
<!-- Generated by org.testng.reporters.JUnitXMLReporter -->
<testsuite ignored="5" hostname="Ashok" failures="0" tests="1" name="Default test" time="35.691" errors="0" timestamp="2023-02-21T11:43:43 IST">
  <testcase classname="com.hrms.masters.tests.MastersEducationTest" name="CourseEditTest" time="5.078"/>
  <testcase classname="com.hrms.masters.tests.MastersEducationTest" name="QualificationEditTest" time="0.0">
    <ignored/>
  </testcase> <!-- QualificationEditTest -->
  <testcase classname="com.hrms.masters.tests.MastersEducationTest" name="CourseTest" time="0.0">
    <ignored/>
  </testcase> <!-- CourseTest -->
  <testcase classname="com.hrms.masters.tests.MastersEducationTest" name="DegreeEditTest" time="0.0">
    <ignored/>
  </testcase> <!-- DegreeEditTest -->
  <testcase classname="com.hrms.masters.tests.MastersEducationTest" name="QualificationTest" time="0.0">
    <ignored/>
  </testcase> <!-- QualificationTest -->
  <testcase classname="com.hrms.masters.tests.MastersEducationTest" name="DegreeTest" time="0.0">
    <ignored/>
  </testcase> <!-- DegreeTest -->
</testsuite> <!-- Default test -->
