<?xml version="1.0" encoding="UTF-8"?>
<!-- Generated by org.testng.reporters.JUnitXMLReporter -->
<testsuite ignored="17" hostname="Ashok" failures="0" tests="1" name="Default test" time="36.778" errors="0" timestamp="2023-02-24T14:00:54 IST">
  <testcase classname="com.hrms.masters.tests.MastersPositionTest" name="PositionCategoryEditTest" time="5.513"/>
  <testcase classname="com.hrms.masters.tests.MastersPositionTest" name="DesignationTest" time="0.0">
    <ignored/>
  </testcase> <!-- DesignationTest -->
  <testcase classname="com.hrms.masters.tests.MastersPositionTest" name="PositionCategoryTest" time="0.0">
    <ignored/>
  </testcase> <!-- PositionCategoryTest -->
  <testcase classname="com.hrms.masters.tests.MastersPositionTest" name="CostCenterEditTest" time="0.0">
    <ignored/>
  </testcase> <!-- CostCenterEditTest -->
  <testcase classname="com.hrms.masters.tests.MastersPositionTest" name="CenterTest" time="0.0">
    <ignored/>
  </testcase> <!-- CenterTest -->
  <testcase classname="com.hrms.masters.tests.MastersPositionTest" name="CenterEditTest" time="0.0">
    <ignored/>
  </testcase> <!-- CenterEditTest -->
  <testcase classname="com.hrms.masters.tests.MastersPositionTest" name="JobLevelTest" time="0.0">
    <ignored/>
  </testcase> <!-- JobLevelTest -->
  <testcase classname="com.hrms.masters.tests.MastersPositionTest" name="DepartmentEditTest" time="0.0">
    <ignored/>
  </testcase> <!-- DepartmentEditTest -->
  <testcase classname="com.hrms.masters.tests.MastersPositionTest" name="MarketDesignationTest" time="0.0">
    <ignored/>
  </testcase> <!-- MarketDesignationTest -->
  <testcase classname="com.hrms.masters.tests.MastersPositionTest" name="JobLevelEditTest" time="0.0">
    <ignored/>
  </testcase> <!-- JobLevelEditTest -->
  <testcase classname="com.hrms.masters.tests.MastersPositionTest" name="CostCenterTest" time="0.0">
    <ignored/>
  </testcase> <!-- CostCenterTest -->
  <testcase classname="com.hrms.masters.tests.MastersPositionTest" name="SubDepartmentEditTest" time="0.0">
    <ignored/>
  </testcase> <!-- SubDepartmentEditTest -->
  <testcase classname="com.hrms.masters.tests.MastersPositionTest" name="SubDepartmentTest" time="0.0">
    <ignored/>
  </testcase> <!-- SubDepartmentTest -->
  <testcase classname="com.hrms.masters.tests.MastersPositionTest" name="DesignationEditTest" time="0.0">
    <ignored/>
  </testcase> <!-- DesignationEditTest -->
  <testcase classname="com.hrms.masters.tests.MastersPositionTest" name="BusinessUnitTest" time="0.0">
    <ignored/>
  </testcase> <!-- BusinessUnitTest -->
  <testcase classname="com.hrms.masters.tests.MastersPositionTest" name="MarketDesignationEditTest" time="0.0">
    <ignored/>
  </testcase> <!-- MarketDesignationEditTest -->
  <testcase classname="com.hrms.masters.tests.MastersPositionTest" name="BusinessUnitEditTest" time="0.0">
    <ignored/>
  </testcase> <!-- BusinessUnitEditTest -->
  <testcase classname="com.hrms.masters.tests.MastersPositionTest" name="DepartmentTest" time="0.0">
    <ignored/>
  </testcase> <!-- DepartmentTest -->
</testsuite> <!-- Default test -->
