<?xml version="1.0" encoding="UTF-8"?>
<!-- Generated by org.testng.reporters.JUnitXMLReporter -->
<testsuite ignored="0" hostname="Ashok" failures="1" tests="24" name="HRMS automation masters" time="16.581" errors="0" timestamp="2023-02-28T17:39:38 IST">
  <testcase classname="com.hrms.masters.tests.BaseTest" name="@BeforeClass setup" time="5.668">
    <failure type="org.openqa.selenium.WebDriverException" message="unknown error: net::ERR_INTERNET_DISCONNECTED
  (Session info: chrome=110.0.5481.178)
Build info: version: &amp;apos;4.7.2&amp;apos;, revision: &amp;apos;4d4020c3b7&amp;apos;
System info: os.name: &amp;apos;Windows 10&amp;apos;, os.arch: &amp;apos;amd64&amp;apos;, os.version: &amp;apos;10.0&amp;apos;, java.version: &amp;apos;11.0.9&amp;apos;
Driver info: org.openqa.selenium.chrome.ChromeDriver
Command: [6ea22a44f66a4459b20199f6612d60a4, get {url=https://thinkiam.in/ThinkIAM/#/login}]
Capabilities {acceptInsecureCerts: false, browserName: chrome, browserVersion: 110.0.5481.178, chrome: {chromedriverVersion: 110.0.5481.77 (65ed616c6e8e..., userDataDir: C:\Users\angap\AppData\Loca...}, goog:chromeOptions: {debuggerAddress: localhost:52907}, networkConnectionEnabled: false, pageLoadStrategy: normal, platformName: WINDOWS, proxy: Proxy(), se:cdp: ws://localhost:52907/devtoo..., se:cdpVersion: 110.0.5481.178, setWindowRect: true, strictFileInteractability: false, timeouts: {implicit: 0, pageLoad: 300000, script: 30000}, unhandledPromptBehavior: dismiss and notify, webauthn:extension:credBlob: true, webauthn:extension:largeBlob: true, webauthn:virtualAuthenticators: true}
Session ID: 6ea22a44f66a4459b20199f6612d60a4">
      <![CDATA[org.openqa.selenium.WebDriverException: unknown error: net::ERR_INTERNET_DISCONNECTED
  (Session info: chrome=110.0.5481.178)
Build info: version: '4.7.2', revision: '4d4020c3b7'
System info: os.name: 'Windows 10', os.arch: 'amd64', os.version: '10.0', java.version: '11.0.9'
Driver info: org.openqa.selenium.chrome.ChromeDriver
Command: [6ea22a44f66a4459b20199f6612d60a4, get {url=https://thinkiam.in/ThinkIAM/#/login}]
Capabilities {acceptInsecureCerts: false, browserName: chrome, browserVersion: 110.0.5481.178, chrome: {chromedriverVersion: 110.0.5481.77 (65ed616c6e8e..., userDataDir: C:\Users\angap\AppData\Loca...}, goog:chromeOptions: {debuggerAddress: localhost:52907}, networkConnectionEnabled: false, pageLoadStrategy: normal, platformName: WINDOWS, proxy: Proxy(), se:cdp: ws://localhost:52907/devtoo..., se:cdpVersion: 110.0.5481.178, setWindowRect: true, strictFileInteractability: false, timeouts: {implicit: 0, pageLoad: 300000, script: 30000}, unhandledPromptBehavior: dismiss and notify, webauthn:extension:credBlob: true, webauthn:extension:largeBlob: true, webauthn:virtualAuthenticators: true}
Session ID: 6ea22a44f66a4459b20199f6612d60a4
at org.openqa.selenium.remote.codec.w3c.W3CHttpResponseCodec.createException(W3CHttpResponseCodec.java:200)
at org.openqa.selenium.remote.codec.w3c.W3CHttpResponseCodec.decode(W3CHttpResponseCodec.java:133)
at org.openqa.selenium.remote.codec.w3c.W3CHttpResponseCodec.decode(W3CHttpResponseCodec.java:53)
at org.openqa.selenium.remote.HttpCommandExecutor.execute(HttpCommandExecutor.java:184)
at org.openqa.selenium.remote.service.DriverCommandExecutor.invokeExecute(DriverCommandExecutor.java:167)
at org.openqa.selenium.remote.service.DriverCommandExecutor.execute(DriverCommandExecutor.java:142)
at org.openqa.selenium.remote.RemoteWebDriver.execute(RemoteWebDriver.java:535)
at org.openqa.selenium.remote.RemoteWebDriver.get(RemoteWebDriver.java:296)
at com.hrms.driverfactory.Driverfactory.initDriver(Driverfactory.java:81)
at com.hrms.masters.tests.BaseTest.setup(BaseTest.java:46)
at java.base/java.util.ArrayList.forEach(ArrayList.java:1541)
... Removed 29 stack frames]]>
    </failure>
  </testcase> <!-- @BeforeClass setup -->
  <testcase classname="com.hrms.masters.tests.MastersGeographyTest" name="@BeforeClass login" time="-1.67758616702E9">
    <skipped/>
  </testcase> <!-- @BeforeClass login -->
  <testcase classname="com.hrms.masters.tests.BaseTest" name="@AfterClass tearDown" time="0.0">
    <failure type="java.lang.NullPointerException">
      <![CDATA[java.lang.NullPointerException
at com.hrms.masters.tests.BaseTest.tearDown(BaseTest.java:62)
at java.base/java.util.ArrayList.forEach(ArrayList.java:1541)
... Removed 25 stack frames]]>
    </failure>
  </testcase> <!-- @AfterClass tearDown -->
  <testcase classname="com.hrms.masters.tests.BaseTest" name="@BeforeClass setup" time="2.798">
    <failure type="org.openqa.selenium.WebDriverException" message="unknown error: net::ERR_INTERNET_DISCONNECTED
  (Session info: chrome=110.0.5481.178)
Build info: version: &amp;apos;4.7.2&amp;apos;, revision: &amp;apos;4d4020c3b7&amp;apos;
System info: os.name: &amp;apos;Windows 10&amp;apos;, os.arch: &amp;apos;amd64&amp;apos;, os.version: &amp;apos;10.0&amp;apos;, java.version: &amp;apos;11.0.9&amp;apos;
Driver info: org.openqa.selenium.chrome.ChromeDriver
Command: [dd3b7c3910a43863c7ffa800a854730a, get {url=https://thinkiam.in/ThinkIAM/#/login}]
Capabilities {acceptInsecureCerts: false, browserName: chrome, browserVersion: 110.0.5481.178, chrome: {chromedriverVersion: 110.0.5481.77 (65ed616c6e8e..., userDataDir: C:\Users\angap\AppData\Loca...}, goog:chromeOptions: {debuggerAddress: localhost:52950}, networkConnectionEnabled: false, pageLoadStrategy: normal, platformName: WINDOWS, proxy: Proxy(), se:cdp: ws://localhost:52950/devtoo..., se:cdpVersion: 110.0.5481.178, setWindowRect: true, strictFileInteractability: false, timeouts: {implicit: 0, pageLoad: 300000, script: 30000}, unhandledPromptBehavior: dismiss and notify, webauthn:extension:credBlob: true, webauthn:extension:largeBlob: true, webauthn:virtualAuthenticators: true}
Session ID: dd3b7c3910a43863c7ffa800a854730a">
      <![CDATA[org.openqa.selenium.WebDriverException: unknown error: net::ERR_INTERNET_DISCONNECTED
  (Session info: chrome=110.0.5481.178)
Build info: version: '4.7.2', revision: '4d4020c3b7'
System info: os.name: 'Windows 10', os.arch: 'amd64', os.version: '10.0', java.version: '11.0.9'
Driver info: org.openqa.selenium.chrome.ChromeDriver
Command: [dd3b7c3910a43863c7ffa800a854730a, get {url=https://thinkiam.in/ThinkIAM/#/login}]
Capabilities {acceptInsecureCerts: false, browserName: chrome, browserVersion: 110.0.5481.178, chrome: {chromedriverVersion: 110.0.5481.77 (65ed616c6e8e..., userDataDir: C:\Users\angap\AppData\Loca...}, goog:chromeOptions: {debuggerAddress: localhost:52950}, networkConnectionEnabled: false, pageLoadStrategy: normal, platformName: WINDOWS, proxy: Proxy(), se:cdp: ws://localhost:52950/devtoo..., se:cdpVersion: 110.0.5481.178, setWindowRect: true, strictFileInteractability: false, timeouts: {implicit: 0, pageLoad: 300000, script: 30000}, unhandledPromptBehavior: dismiss and notify, webauthn:extension:credBlob: true, webauthn:extension:largeBlob: true, webauthn:virtualAuthenticators: true}
Session ID: dd3b7c3910a43863c7ffa800a854730a
at org.openqa.selenium.remote.codec.w3c.W3CHttpResponseCodec.createException(W3CHttpResponseCodec.java:200)
at org.openqa.selenium.remote.codec.w3c.W3CHttpResponseCodec.decode(W3CHttpResponseCodec.java:133)
at org.openqa.selenium.remote.codec.w3c.W3CHttpResponseCodec.decode(W3CHttpResponseCodec.java:53)
at org.openqa.selenium.remote.HttpCommandExecutor.execute(HttpCommandExecutor.java:184)
at org.openqa.selenium.remote.service.DriverCommandExecutor.invokeExecute(DriverCommandExecutor.java:167)
at org.openqa.selenium.remote.service.DriverCommandExecutor.execute(DriverCommandExecutor.java:142)
at org.openqa.selenium.remote.RemoteWebDriver.execute(RemoteWebDriver.java:535)
at org.openqa.selenium.remote.RemoteWebDriver.get(RemoteWebDriver.java:296)
at com.hrms.driverfactory.Driverfactory.initDriver(Driverfactory.java:81)
at com.hrms.masters.tests.BaseTest.setup(BaseTest.java:46)
at java.base/java.util.ArrayList.forEach(ArrayList.java:1541)
... Removed 29 stack frames]]>
    </failure>
  </testcase> <!-- @BeforeClass setup -->
  <testcase classname="com.hrms.masters.tests.MastersPersonalTest" name="@BeforeClass login" time="-1.677586171907E9">
    <skipped/>
  </testcase> <!-- @BeforeClass login -->
  <testcase classname="com.hrms.masters.tests.BaseTest" name="@AfterClass tearDown" time="0.001">
    <failure type="java.lang.NullPointerException">
      <![CDATA[java.lang.NullPointerException
at com.hrms.masters.tests.BaseTest.tearDown(BaseTest.java:62)
at java.base/java.util.ArrayList.forEach(ArrayList.java:1541)
... Removed 25 stack frames]]>
    </failure>
  </testcase> <!-- @AfterClass tearDown -->
  <testcase classname="com.hrms.masters.tests.MastersEducationTest" name="@BeforeClass login" time="0.1">
    <failure type="org.openqa.selenium.NoSuchWindowException" message="no such window: target window already closed
from unknown error: web view not found
  (Session info: chrome=110.0.5481.178)
Build info: version: &amp;apos;4.7.2&amp;apos;, revision: &amp;apos;4d4020c3b7&amp;apos;
System info: os.name: &amp;apos;Windows 10&amp;apos;, os.arch: &amp;apos;amd64&amp;apos;, os.version: &amp;apos;10.0&amp;apos;, java.version: &amp;apos;11.0.9&amp;apos;
Driver info: org.openqa.selenium.chrome.ChromeDriver
Command: [b93dd6405cb675be6a32ec0c17fc588d, getCurrentWindowHandle {}]
Capabilities {acceptInsecureCerts: false, browserName: chrome, browserVersion: 110.0.5481.178, chrome: {chromedriverVersion: 110.0.5481.77 (65ed616c6e8e..., userDataDir: C:\Users\angap\AppData\Loca...}, goog:chromeOptions: {debuggerAddress: localhost:53001}, networkConnectionEnabled: false, pageLoadStrategy: normal, platformName: WINDOWS, proxy: Proxy(), se:cdp: ws://localhost:53001/devtoo..., se:cdpVersion: 110.0.5481.178, setWindowRect: true, strictFileInteractability: false, timeouts: {implicit: 0, pageLoad: 300000, script: 30000}, unhandledPromptBehavior: dismiss and notify, webauthn:extension:credBlob: true, webauthn:extension:largeBlob: true, webauthn:virtualAuthenticators: true}
Session ID: b93dd6405cb675be6a32ec0c17fc588d">
      <![CDATA[org.openqa.selenium.NoSuchWindowException: no such window: target window already closed
from unknown error: web view not found
  (Session info: chrome=110.0.5481.178)
Build info: version: '4.7.2', revision: '4d4020c3b7'
System info: os.name: 'Windows 10', os.arch: 'amd64', os.version: '10.0', java.version: '11.0.9'
Driver info: org.openqa.selenium.chrome.ChromeDriver
Command: [b93dd6405cb675be6a32ec0c17fc588d, getCurrentWindowHandle {}]
Capabilities {acceptInsecureCerts: false, browserName: chrome, browserVersion: 110.0.5481.178, chrome: {chromedriverVersion: 110.0.5481.77 (65ed616c6e8e..., userDataDir: C:\Users\angap\AppData\Loca...}, goog:chromeOptions: {debuggerAddress: localhost:53001}, networkConnectionEnabled: false, pageLoadStrategy: normal, platformName: WINDOWS, proxy: Proxy(), se:cdp: ws://localhost:53001/devtoo..., se:cdpVersion: 110.0.5481.178, setWindowRect: true, strictFileInteractability: false, timeouts: {implicit: 0, pageLoad: 300000, script: 30000}, unhandledPromptBehavior: dismiss and notify, webauthn:extension:credBlob: true, webauthn:extension:largeBlob: true, webauthn:virtualAuthenticators: true}
Session ID: b93dd6405cb675be6a32ec0c17fc588d
at org.openqa.selenium.remote.codec.w3c.W3CHttpResponseCodec.createException(W3CHttpResponseCodec.java:200)
at org.openqa.selenium.remote.codec.w3c.W3CHttpResponseCodec.decode(W3CHttpResponseCodec.java:133)
at org.openqa.selenium.remote.codec.w3c.W3CHttpResponseCodec.decode(W3CHttpResponseCodec.java:53)
at org.openqa.selenium.remote.HttpCommandExecutor.execute(HttpCommandExecutor.java:184)
at org.openqa.selenium.remote.service.DriverCommandExecutor.invokeExecute(DriverCommandExecutor.java:167)
at org.openqa.selenium.remote.service.DriverCommandExecutor.execute(DriverCommandExecutor.java:142)
at org.openqa.selenium.remote.RemoteWebDriver.execute(RemoteWebDriver.java:535)
at org.openqa.selenium.remote.RemoteWebDriver.execute(RemoteWebDriver.java:590)
at org.openqa.selenium.remote.RemoteWebDriver.execute(RemoteWebDriver.java:594)
at org.openqa.selenium.remote.RemoteWebDriver.getWindowHandle(RemoteWebDriver.java:459)
at com.hrms.pageactions.masters.LoginPage.Login(LoginPage.java:45)
at com.hrms.masters.tests.MastersEducationTest.login(MastersEducationTest.java:12)
at java.base/java.util.ArrayList.forEach(ArrayList.java:1541)
... Removed 29 stack frames]]>
    </failure>
  </testcase> <!-- @BeforeClass login -->
  <testcase classname="com.hrms.masters.tests.MastersGeographyTest" name="CountryTest" time="0.0">
    <skipped/>
  </testcase> <!-- CountryTest -->
  <testcase classname="com.hrms.masters.tests.MastersGeographyTest" name="CountryEditTest" time="0.0">
    <skipped/>
  </testcase> <!-- CountryEditTest -->
  <testcase classname="com.hrms.masters.tests.MastersGeographyTest" name="StateTest" time="0.0">
    <skipped/>
  </testcase> <!-- StateTest -->
  <testcase classname="com.hrms.masters.tests.MastersGeographyTest" name="StateEditTest" time="0.0">
    <skipped/>
  </testcase> <!-- StateEditTest -->
  <testcase classname="com.hrms.masters.tests.MastersGeographyTest" name="CityTest" time="0.0">
    <skipped/>
  </testcase> <!-- CityTest -->
  <testcase classname="com.hrms.masters.tests.MastersGeographyTest" name="CityEditTest" time="0.0">
    <skipped/>
  </testcase> <!-- CityEditTest -->
  <testcase classname="com.hrms.masters.tests.MastersGeographyTest" name="AreaTest" time="0.0">
    <skipped/>
  </testcase> <!-- AreaTest -->
  <testcase classname="com.hrms.masters.tests.MastersGeographyTest" name="AreaEditTest" time="0.0">
    <skipped/>
  </testcase> <!-- AreaEditTest -->
  <testcase classname="com.hrms.masters.tests.MastersGeographyTest" name="WorklocationTest" time="0.0">
    <skipped/>
  </testcase> <!-- WorklocationTest -->
  <testcase classname="com.hrms.masters.tests.MastersGeographyTest" name="WorklocationEditTest" time="0.0">
    <skipped/>
  </testcase> <!-- WorklocationEditTest -->
  <testcase classname="com.hrms.masters.tests.MastersPersonalTest" name="ReligionTest" time="0.0">
    <skipped/>
  </testcase> <!-- ReligionTest -->
  <testcase classname="com.hrms.masters.tests.MastersPersonalTest" name="ReligionEditTest" time="0.0">
    <skipped/>
  </testcase> <!-- ReligionEditTest -->
  <testcase classname="com.hrms.masters.tests.MastersPersonalTest" name="NationalityTest" time="0.0">
    <skipped/>
  </testcase> <!-- NationalityTest -->
  <testcase classname="com.hrms.masters.tests.MastersPersonalTest" name="NationalityEditTest" time="0.0">
    <skipped/>
  </testcase> <!-- NationalityEditTest -->
  <testcase classname="com.hrms.masters.tests.MastersPersonalTest" name="LanguageTest" time="0.0">
    <skipped/>
  </testcase> <!-- LanguageTest -->
  <testcase classname="com.hrms.masters.tests.MastersPersonalTest" name="LanguageEditTest" time="0.0">
    <skipped/>
  </testcase> <!-- LanguageEditTest -->
  <testcase classname="com.hrms.masters.tests.MastersPersonalTest" name="RelationShipTest" time="0.0">
    <skipped/>
  </testcase> <!-- RelationShipTest -->
  <testcase classname="com.hrms.masters.tests.MastersPersonalTest" name="RelationshipEditTest" time="0.0">
    <skipped/>
  </testcase> <!-- RelationshipEditTest -->
  <testcase classname="com.hrms.masters.tests.MastersPersonalTest" name="BloodGroupTest" time="0.0">
    <skipped/>
  </testcase> <!-- BloodGroupTest -->
  <testcase classname="com.hrms.masters.tests.MastersPersonalTest" name="BloodGroupEditTest" time="0.0">
    <skipped/>
  </testcase> <!-- BloodGroupEditTest -->
  <testcase classname="com.hrms.masters.tests.MastersPersonalTest" name="IdentificationProofTest" time="0.0">
    <skipped/>
  </testcase> <!-- IdentificationProofTest -->
  <testcase classname="com.hrms.masters.tests.MastersPersonalTest" name="IdentificationProofEditTest" time="0.0">
    <skipped/>
  </testcase> <!-- IdentificationProofEditTest -->
  <testcase classname="com.hrms.masters.tests.MastersEducationTest" name="QualificationTest" time="0.0">
    <skipped/>
  </testcase> <!-- QualificationTest -->
  <testcase classname="com.hrms.masters.tests.MastersEducationTest" name="QualificationTest" time="0.059">
    <failure type="org.openqa.selenium.NoSuchWindowException" message="no such window: target window already closed
from unknown error: web view not found
  (Session info: chrome=110.0.5481.178)
Build info: version: &amp;apos;4.7.2&amp;apos;, revision: &amp;apos;4d4020c3b7&amp;apos;
System info: os.name: &amp;apos;Windows 10&amp;apos;, os.arch: &amp;apos;amd64&amp;apos;, os.version: &amp;apos;10.0&amp;apos;, java.version: &amp;apos;11.0.9&amp;apos;
Driver info: org.openqa.selenium.chrome.ChromeDriver
Command: [b93dd6405cb675be6a32ec0c17fc588d, screenshot {}]
Capabilities {acceptInsecureCerts: false, browserName: chrome, browserVersion: 110.0.5481.178, chrome: {chromedriverVersion: 110.0.5481.77 (65ed616c6e8e..., userDataDir: C:\Users\angap\AppData\Loca...}, goog:chromeOptions: {debuggerAddress: localhost:53001}, networkConnectionEnabled: false, pageLoadStrategy: normal, platformName: WINDOWS, proxy: Proxy(), se:cdp: ws://localhost:53001/devtoo..., se:cdpVersion: 110.0.5481.178, setWindowRect: true, strictFileInteractability: false, timeouts: {implicit: 0, pageLoad: 300000, script: 30000}, unhandledPromptBehavior: dismiss and notify, webauthn:extension:credBlob: true, webauthn:extension:largeBlob: true, webauthn:virtualAuthenticators: true}
Session ID: b93dd6405cb675be6a32ec0c17fc588d">
      <![CDATA[org.openqa.selenium.NoSuchWindowException: no such window: target window already closed
from unknown error: web view not found
  (Session info: chrome=110.0.5481.178)
Build info: version: '4.7.2', revision: '4d4020c3b7'
System info: os.name: 'Windows 10', os.arch: 'amd64', os.version: '10.0', java.version: '11.0.9'
Driver info: org.openqa.selenium.chrome.ChromeDriver
Command: [b93dd6405cb675be6a32ec0c17fc588d, screenshot {}]
Capabilities {acceptInsecureCerts: false, browserName: chrome, browserVersion: 110.0.5481.178, chrome: {chromedriverVersion: 110.0.5481.77 (65ed616c6e8e..., userDataDir: C:\Users\angap\AppData\Loca...}, goog:chromeOptions: {debuggerAddress: localhost:53001}, networkConnectionEnabled: false, pageLoadStrategy: normal, platformName: WINDOWS, proxy: Proxy(), se:cdp: ws://localhost:53001/devtoo..., se:cdpVersion: 110.0.5481.178, setWindowRect: true, strictFileInteractability: false, timeouts: {implicit: 0, pageLoad: 300000, script: 30000}, unhandledPromptBehavior: dismiss and notify, webauthn:extension:credBlob: true, webauthn:extension:largeBlob: true, webauthn:virtualAuthenticators: true}
Session ID: b93dd6405cb675be6a32ec0c17fc588d
at org.openqa.selenium.remote.codec.w3c.W3CHttpResponseCodec.createException(W3CHttpResponseCodec.java:200)
at org.openqa.selenium.remote.codec.w3c.W3CHttpResponseCodec.decode(W3CHttpResponseCodec.java:133)
at org.openqa.selenium.remote.codec.w3c.W3CHttpResponseCodec.decode(W3CHttpResponseCodec.java:53)
at org.openqa.selenium.remote.HttpCommandExecutor.execute(HttpCommandExecutor.java:184)
at org.openqa.selenium.remote.service.DriverCommandExecutor.invokeExecute(DriverCommandExecutor.java:167)
at org.openqa.selenium.remote.service.DriverCommandExecutor.execute(DriverCommandExecutor.java:142)
at org.openqa.selenium.remote.RemoteWebDriver.execute(RemoteWebDriver.java:535)
at org.openqa.selenium.remote.RemoteWebDriver.execute(RemoteWebDriver.java:590)
at org.openqa.selenium.remote.RemoteWebDriver.execute(RemoteWebDriver.java:594)
at org.openqa.selenium.remote.RemoteWebDriver.getScreenshotAs(RemoteWebDriver.java:317)
at com.hrms.driverfactory.Driverfactory.getScreenshot(Driverfactory.java:163)
at com.hrms.listeners.ExtentReportListeners.onTestSkipped(ExtentReportListeners.java:119)
at java.base/java.util.ArrayList.forEach(ArrayList.java:1541)
... Removed 29 stack frames]]>
    </failure>
  </testcase> <!-- QualificationTest -->
</testsuite> <!-- HRMS automation masters -->
