<?xml version="1.0" encoding="UTF-8"?>
<!-- Generated by org.testng.reporters.JUnitXMLReporter -->
<testsuite ignored="9" hostname="DESKTOP-4KQ99T5" failures="0" tests="1" name="HRMS automation masters" time="46.686" errors="0" timestamp="2023-02-16T17:32:20 IST">
  <testcase classname="com.hrms.masters.tests.MastersGeographyTest" name="CountryTest" time="8.1"/>
  <testcase classname="com.hrms.masters.tests.MastersGeographyTest" name="AreaTest" time="0.0">
    <ignored/>
  </testcase> <!-- AreaTest -->
  <testcase classname="com.hrms.masters.tests.MastersGeographyTest" name="CityEditTest" time="0.0">
    <ignored/>
  </testcase> <!-- CityEditTest -->
  <testcase classname="com.hrms.masters.tests.MastersGeographyTest" name="WorklocationTest" time="0.0">
    <ignored/>
  </testcase> <!-- WorklocationTest -->
  <testcase classname="com.hrms.masters.tests.MastersGeographyTest" name="WorklocationEditTest" time="0.0">
    <ignored/>
  </testcase> <!-- WorklocationEditTest -->
  <testcase classname="com.hrms.masters.tests.MastersGeographyTest" name="CountryEditTest" time="0.0">
    <ignored/>
  </testcase> <!-- CountryEditTest -->
  <testcase classname="com.hrms.masters.tests.MastersGeographyTest" name="StateEditTest" time="0.0">
    <ignored/>
  </testcase> <!-- StateEditTest -->
  <testcase classname="com.hrms.masters.tests.MastersGeographyTest" name="CityTest" time="0.0">
    <ignored/>
  </testcase> <!-- CityTest -->
  <testcase classname="com.hrms.masters.tests.MastersGeographyTest" name="StateTest" time="0.0">
    <ignored/>
  </testcase> <!-- StateTest -->
  <testcase classname="com.hrms.masters.tests.MastersGeographyTest" name="AreaEditTest" time="0.0">
    <ignored/>
  </testcase> <!-- AreaEditTest -->
</testsuite> <!-- HRMS automation masters -->
