<?xml version="1.0" encoding="UTF-8"?>
<!-- Generated by org.testng.reporters.JUnitXMLReporter -->
<testsuite ignored="0" hostname="DESKTOP-4KQ99T5" failures="3" tests="6" name="HRMS automation masters" time="69.801" errors="0" timestamp="2023-02-17T12:56:18 IST">
  <testcase classname="com.hrms.masters.tests.MastersGeographyTest" name="LoginTest" time="20.083"/>
  <testcase classname="com.hrms.masters.tests.MastersGeographyTest" name="AreaEditTest" time="2.903"/>
  <testcase classname="com.hrms.masters.tests.MastersGeographyTest" name="AreaTest" time="3.705">
    <failure type="org.openqa.selenium.ElementClickInterceptedException" message="element click intercepted: Element &amp;lt;span id=&amp;quot;barangay&amp;quot; class=&amp;quot;menu_default menu_current&amp;quot;&amp;gt;...&amp;lt;/span&amp;gt; is not clickable at point (463, 88). Other element would receive the click: &amp;lt;div class=&amp;quot;blockUI blockOverlay&amp;quot; style=&amp;quot;z-index: 1000; border: none; margin: 0px; padding: 0px; width: 100%; height: 100%; top: 0px; left: 0px; background-color: rgb(0, 0, 0); opacity: 0.6; cursor: wait; position: fixed;&amp;quot;&amp;gt;&amp;lt;/div&amp;gt;
  (Session info: chrome=110.0.5481.77)
Build info: version: &amp;apos;4.7.2&amp;apos;, revision: &amp;apos;4d4020c3b7&amp;apos;
System info: os.name: &amp;apos;Windows 11&amp;apos;, os.arch: &amp;apos;amd64&amp;apos;, os.version: &amp;apos;10.0&amp;apos;, java.version: &amp;apos;17.0.5&amp;apos;
Driver info: org.openqa.selenium.chrome.ChromeDriver
Command: [f63f861fa43967697a2a2d65c7a0df92, clickElement {id=c00b3b9e-77fd-4b4c-ba41-4a2247542507}]
Capabilities {acceptInsecureCerts: false, browserName: chrome, browserVersion: 110.0.5481.77, chrome: {chromedriverVersion: 110.0.5481.77 (65ed616c6e8e..., userDataDir: C:\Users\Muthu\AppData\Loca...}, goog:chromeOptions: {debuggerAddress: localhost:56772}, networkConnectionEnabled: false, pageLoadStrategy: normal, platformName: WINDOWS, proxy: Proxy(), se:cdp: ws://localhost:56772/devtoo..., se:cdpVersion: 110.0.5481.77, setWindowRect: true, strictFileInteractability: false, timeouts: {implicit: 0, pageLoad: 300000, script: 30000}, unhandledPromptBehavior: dismiss and notify, webauthn:extension:credBlob: true, webauthn:extension:largeBlob: true, webauthn:virtualAuthenticators: true}
Element: [[ChromeDriver: chrome on WINDOWS (f63f861fa43967697a2a2d65c7a0df92)] -&amp;gt; xpath: //*[@id=&amp;apos;barangay&amp;apos;]]
Session ID: f63f861fa43967697a2a2d65c7a0df92">
      <![CDATA[org.openqa.selenium.ElementClickInterceptedException: element click intercepted: Element <span id="barangay" class="menu_default menu_current">...</span> is not clickable at point (463, 88). Other element would receive the click: <div class="blockUI blockOverlay" style="z-index: 1000; border: none; margin: 0px; padding: 0px; width: 100%; height: 100%; top: 0px; left: 0px; background-color: rgb(0, 0, 0); opacity: 0.6; cursor: wait; position: fixed;"></div>
  (Session info: chrome=110.0.5481.77)
Build info: version: '4.7.2', revision: '4d4020c3b7'
System info: os.name: 'Windows 11', os.arch: 'amd64', os.version: '10.0', java.version: '17.0.5'
Driver info: org.openqa.selenium.chrome.ChromeDriver
Command: [f63f861fa43967697a2a2d65c7a0df92, clickElement {id=c00b3b9e-77fd-4b4c-ba41-4a2247542507}]
Capabilities {acceptInsecureCerts: false, browserName: chrome, browserVersion: 110.0.5481.77, chrome: {chromedriverVersion: 110.0.5481.77 (65ed616c6e8e..., userDataDir: C:\Users\Muthu\AppData\Loca...}, goog:chromeOptions: {debuggerAddress: localhost:56772}, networkConnectionEnabled: false, pageLoadStrategy: normal, platformName: WINDOWS, proxy: Proxy(), se:cdp: ws://localhost:56772/devtoo..., se:cdpVersion: 110.0.5481.77, setWindowRect: true, strictFileInteractability: false, timeouts: {implicit: 0, pageLoad: 300000, script: 30000}, unhandledPromptBehavior: dismiss and notify, webauthn:extension:credBlob: true, webauthn:extension:largeBlob: true, webauthn:virtualAuthenticators: true}
Element: [[ChromeDriver: chrome on WINDOWS (f63f861fa43967697a2a2d65c7a0df92)] -> xpath: //*[@id='barangay']]
Session ID: f63f861fa43967697a2a2d65c7a0df92
at org.openqa.selenium.remote.codec.w3c.W3CHttpResponseCodec.createException(W3CHttpResponseCodec.java:200)
at org.openqa.selenium.remote.codec.w3c.W3CHttpResponseCodec.decode(W3CHttpResponseCodec.java:133)
at org.openqa.selenium.remote.codec.w3c.W3CHttpResponseCodec.decode(W3CHttpResponseCodec.java:53)
at org.openqa.selenium.remote.HttpCommandExecutor.execute(HttpCommandExecutor.java:184)
at org.openqa.selenium.remote.service.DriverCommandExecutor.invokeExecute(DriverCommandExecutor.java:167)
at org.openqa.selenium.remote.service.DriverCommandExecutor.execute(DriverCommandExecutor.java:142)
at org.openqa.selenium.remote.RemoteWebDriver.execute(RemoteWebDriver.java:535)
at org.openqa.selenium.remote.RemoteWebElement.execute(RemoteWebElement.java:257)
at org.openqa.selenium.remote.RemoteWebElement.click(RemoteWebElement.java:78)
at com.hrms.Utils.ElementUtils.doClick(ElementUtils.java:101)
at com.hrms.pageactions.MastersGeography.AreaCheck(MastersGeography.java:341)
at com.hrms.masters.tests.MastersGeographyTest.AreaTest(MastersGeographyTest.java:66)
at java.base/java.util.ArrayList.forEach(ArrayList.java:1511)
... Removed 32 stack frames]]>
    </failure>
  </testcase> <!-- AreaTest -->
  <testcase classname="com.hrms.masters.tests.MastersGeographyTest" name="CityEditTest" time="4.415"/>
  <testcase classname="com.hrms.masters.tests.MastersGeographyTest" name="CityTest" time="18.475">
    <failure type="org.openqa.selenium.NoSuchWindowException" message="no such window: target window already closed
from unknown error: web view not found
  (Session info: chrome=110.0.5481.77)
Build info: version: &amp;apos;4.7.2&amp;apos;, revision: &amp;apos;4d4020c3b7&amp;apos;
System info: os.name: &amp;apos;Windows 11&amp;apos;, os.arch: &amp;apos;amd64&amp;apos;, os.version: &amp;apos;10.0&amp;apos;, java.version: &amp;apos;17.0.5&amp;apos;
Driver info: org.openqa.selenium.chrome.ChromeDriver
Command: [f63f861fa43967697a2a2d65c7a0df92, findElement {using=xpath, value=//input[@type=&amp;apos;search&amp;apos;]}]
Capabilities {acceptInsecureCerts: false, browserName: chrome, browserVersion: 110.0.5481.77, chrome: {chromedriverVersion: 110.0.5481.77 (65ed616c6e8e..., userDataDir: C:\Users\Muthu\AppData\Loca...}, goog:chromeOptions: {debuggerAddress: localhost:56772}, networkConnectionEnabled: false, pageLoadStrategy: normal, platformName: WINDOWS, proxy: Proxy(), se:cdp: ws://localhost:56772/devtoo..., se:cdpVersion: 110.0.5481.77, setWindowRect: true, strictFileInteractability: false, timeouts: {implicit: 0, pageLoad: 300000, script: 30000}, unhandledPromptBehavior: dismiss and notify, webauthn:extension:credBlob: true, webauthn:extension:largeBlob: true, webauthn:virtualAuthenticators: true}
Session ID: f63f861fa43967697a2a2d65c7a0df92">
      <![CDATA[org.openqa.selenium.NoSuchWindowException: no such window: target window already closed
from unknown error: web view not found
  (Session info: chrome=110.0.5481.77)
Build info: version: '4.7.2', revision: '4d4020c3b7'
System info: os.name: 'Windows 11', os.arch: 'amd64', os.version: '10.0', java.version: '17.0.5'
Driver info: org.openqa.selenium.chrome.ChromeDriver
Command: [f63f861fa43967697a2a2d65c7a0df92, findElement {using=xpath, value=//input[@type='search']}]
Capabilities {acceptInsecureCerts: false, browserName: chrome, browserVersion: 110.0.5481.77, chrome: {chromedriverVersion: 110.0.5481.77 (65ed616c6e8e..., userDataDir: C:\Users\Muthu\AppData\Loca...}, goog:chromeOptions: {debuggerAddress: localhost:56772}, networkConnectionEnabled: false, pageLoadStrategy: normal, platformName: WINDOWS, proxy: Proxy(), se:cdp: ws://localhost:56772/devtoo..., se:cdpVersion: 110.0.5481.77, setWindowRect: true, strictFileInteractability: false, timeouts: {implicit: 0, pageLoad: 300000, script: 30000}, unhandledPromptBehavior: dismiss and notify, webauthn:extension:credBlob: true, webauthn:extension:largeBlob: true, webauthn:virtualAuthenticators: true}
Session ID: f63f861fa43967697a2a2d65c7a0df92
at org.openqa.selenium.remote.codec.w3c.W3CHttpResponseCodec.createException(W3CHttpResponseCodec.java:200)
at org.openqa.selenium.remote.codec.w3c.W3CHttpResponseCodec.decode(W3CHttpResponseCodec.java:133)
at org.openqa.selenium.remote.codec.w3c.W3CHttpResponseCodec.decode(W3CHttpResponseCodec.java:53)
at org.openqa.selenium.remote.HttpCommandExecutor.execute(HttpCommandExecutor.java:184)
at org.openqa.selenium.remote.service.DriverCommandExecutor.invokeExecute(DriverCommandExecutor.java:167)
at org.openqa.selenium.remote.service.DriverCommandExecutor.execute(DriverCommandExecutor.java:142)
at org.openqa.selenium.remote.RemoteWebDriver.execute(RemoteWebDriver.java:535)
at org.openqa.selenium.remote.ElementLocation$ElementFinder$2.findElement(ElementLocation.java:162)
at org.openqa.selenium.remote.ElementLocation.findElement(ElementLocation.java:60)
at org.openqa.selenium.remote.RemoteWebDriver.findElement(RemoteWebDriver.java:351)
at org.openqa.selenium.remote.RemoteWebDriver.findElement(RemoteWebDriver.java:343)
at com.hrms.Utils.ElementUtils.getElement(ElementUtils.java:79)
at com.hrms.Utils.ElementUtils.doSendKeys(ElementUtils.java:95)
at com.hrms.pageactions.MastersGeography.CityCheck(MastersGeography.java:285)
at com.hrms.masters.tests.MastersGeographyTest.CityTest(MastersGeographyTest.java:53)
at java.base/java.util.ArrayList.forEach(ArrayList.java:1511)
... Removed 32 stack frames]]>
    </failure>
  </testcase> <!-- CityTest -->
  <testcase classname="com.hrms.masters.tests.MastersGeographyTest" name="CityTest" time="18.483">
    <failure type="org.openqa.selenium.NoSuchWindowException" message="no such window: target window already closed
from unknown error: web view not found
  (Session info: chrome=110.0.5481.77)
Build info: version: &amp;apos;4.7.2&amp;apos;, revision: &amp;apos;4d4020c3b7&amp;apos;
System info: os.name: &amp;apos;Windows 11&amp;apos;, os.arch: &amp;apos;amd64&amp;apos;, os.version: &amp;apos;10.0&amp;apos;, java.version: &amp;apos;17.0.5&amp;apos;
Driver info: org.openqa.selenium.chrome.ChromeDriver
Command: [f63f861fa43967697a2a2d65c7a0df92, screenshot {}]
Capabilities {acceptInsecureCerts: false, browserName: chrome, browserVersion: 110.0.5481.77, chrome: {chromedriverVersion: 110.0.5481.77 (65ed616c6e8e..., userDataDir: C:\Users\Muthu\AppData\Loca...}, goog:chromeOptions: {debuggerAddress: localhost:56772}, networkConnectionEnabled: false, pageLoadStrategy: normal, platformName: WINDOWS, proxy: Proxy(), se:cdp: ws://localhost:56772/devtoo..., se:cdpVersion: 110.0.5481.77, setWindowRect: true, strictFileInteractability: false, timeouts: {implicit: 0, pageLoad: 300000, script: 30000}, unhandledPromptBehavior: dismiss and notify, webauthn:extension:credBlob: true, webauthn:extension:largeBlob: true, webauthn:virtualAuthenticators: true}
Session ID: f63f861fa43967697a2a2d65c7a0df92">
      <![CDATA[org.openqa.selenium.NoSuchWindowException: no such window: target window already closed
from unknown error: web view not found
  (Session info: chrome=110.0.5481.77)
Build info: version: '4.7.2', revision: '4d4020c3b7'
System info: os.name: 'Windows 11', os.arch: 'amd64', os.version: '10.0', java.version: '17.0.5'
Driver info: org.openqa.selenium.chrome.ChromeDriver
Command: [f63f861fa43967697a2a2d65c7a0df92, screenshot {}]
Capabilities {acceptInsecureCerts: false, browserName: chrome, browserVersion: 110.0.5481.77, chrome: {chromedriverVersion: 110.0.5481.77 (65ed616c6e8e..., userDataDir: C:\Users\Muthu\AppData\Loca...}, goog:chromeOptions: {debuggerAddress: localhost:56772}, networkConnectionEnabled: false, pageLoadStrategy: normal, platformName: WINDOWS, proxy: Proxy(), se:cdp: ws://localhost:56772/devtoo..., se:cdpVersion: 110.0.5481.77, setWindowRect: true, strictFileInteractability: false, timeouts: {implicit: 0, pageLoad: 300000, script: 30000}, unhandledPromptBehavior: dismiss and notify, webauthn:extension:credBlob: true, webauthn:extension:largeBlob: true, webauthn:virtualAuthenticators: true}
Session ID: f63f861fa43967697a2a2d65c7a0df92
at org.openqa.selenium.remote.codec.w3c.W3CHttpResponseCodec.createException(W3CHttpResponseCodec.java:200)
at org.openqa.selenium.remote.codec.w3c.W3CHttpResponseCodec.decode(W3CHttpResponseCodec.java:133)
at org.openqa.selenium.remote.codec.w3c.W3CHttpResponseCodec.decode(W3CHttpResponseCodec.java:53)
at org.openqa.selenium.remote.HttpCommandExecutor.execute(HttpCommandExecutor.java:184)
at org.openqa.selenium.remote.service.DriverCommandExecutor.invokeExecute(DriverCommandExecutor.java:167)
at org.openqa.selenium.remote.service.DriverCommandExecutor.execute(DriverCommandExecutor.java:142)
at org.openqa.selenium.remote.RemoteWebDriver.execute(RemoteWebDriver.java:535)
at org.openqa.selenium.remote.RemoteWebDriver.execute(RemoteWebDriver.java:590)
at org.openqa.selenium.remote.RemoteWebDriver.execute(RemoteWebDriver.java:594)
at org.openqa.selenium.remote.RemoteWebDriver.getScreenshotAs(RemoteWebDriver.java:317)
at com.hrms.driverfactory.Driverfactory.getScreenshot(Driverfactory.java:162)
at com.hrms.listeners.ExtentReportListeners.onTestFailure(ExtentReportListeners.java:108)
at java.base/java.util.ArrayList.forEach(ArrayList.java:1511)
... Removed 29 stack frames]]>
    </failure>
  </testcase> <!-- CityTest -->
</testsuite> <!-- HRMS automation masters -->
