<?xml version="1.0" encoding="UTF-8"?>
<!-- Generated by org.testng.reporters.JUnitXMLReporter -->
<testsuite ignored="2" hostname="Ashok" failures="1" tests="24" name="HRMS automation masters" time="247.87" errors="0" timestamp="2023-02-20T13:17:57 IST">
  <testcase classname="com.hrms.masters.tests.MastersGeographyTest" name="LoginTest" time="16.201"/>
  <testcase classname="com.hrms.masters.tests.MastersGeographyTest" name="AreaEditTest" time="3.009"/>
  <testcase classname="com.hrms.masters.tests.MastersGeographyTest" name="AreaTest" time="33.558"/>
  <testcase classname="com.hrms.masters.tests.MastersGeographyTest" name="CityEditTest" time="1.743"/>
  <testcase classname="com.hrms.masters.tests.MastersGeographyTest" name="CityTest" time="33.215"/>
  <testcase classname="com.hrms.masters.tests.MastersGeographyTest" name="CountryEditTest" time="21.918"/>
  <testcase classname="com.hrms.masters.tests.MastersGeographyTest" name="CountryTest" time="7.364"/>
  <testcase classname="com.hrms.masters.tests.MastersGeographyTest" name="StateEditTest" time="24.256"/>
  <testcase classname="com.hrms.masters.tests.MastersGeographyTest" name="StateTest" time="9.891"/>
  <testcase classname="com.hrms.masters.tests.MastersGeographyTest" name="WorklocationEditTest" time="42.332"/>
  <testcase classname="com.hrms.masters.tests.MastersGeographyTest" name="WorklocationTest" time="43.689"/>
  <testcase classname="com.hrms.masters.tests.MastersPersonalTest" name="LoginTest" time="0.003">
    <failure type="java.lang.NullPointerException">
      <![CDATA[java.lang.NullPointerException
at com.hrms.masters.tests.MastersPersonalTest.LoginTest(MastersPersonalTest.java:10)
at java.base/java.util.ArrayList.forEach(ArrayList.java:1541)
... Removed 27 stack frames]]>
    </failure>
  </testcase> <!-- LoginTest -->
  <testcase classname="com.hrms.masters.tests.MastersPersonalTest" name="BloodGroupEditTest" time="0.0">
    <skipped/>
  </testcase> <!-- BloodGroupEditTest -->
  <testcase classname="com.hrms.masters.tests.MastersPersonalTest" name="BloodGroupTest" time="0.0">
    <skipped/>
  </testcase> <!-- BloodGroupTest -->
  <testcase classname="com.hrms.masters.tests.MastersPersonalTest" name="IdentificationProofEditTest" time="0.0">
    <skipped/>
  </testcase> <!-- IdentificationProofEditTest -->
  <testcase classname="com.hrms.masters.tests.MastersPersonalTest" name="IdentificationProofTest" time="0.0">
    <skipped/>
  </testcase> <!-- IdentificationProofTest -->
  <testcase classname="com.hrms.masters.tests.MastersPersonalTest" name="LanguageEditTest" time="0.0">
    <skipped/>
  </testcase> <!-- LanguageEditTest -->
  <testcase classname="com.hrms.masters.tests.MastersPersonalTest" name="LanguageTest" time="0.0">
    <skipped/>
  </testcase> <!-- LanguageTest -->
  <testcase classname="com.hrms.masters.tests.MastersPersonalTest" name="NationalityEditTest" time="0.0">
    <skipped/>
  </testcase> <!-- NationalityEditTest -->
  <testcase classname="com.hrms.masters.tests.MastersPersonalTest" name="NationalityTest" time="0.0">
    <skipped/>
  </testcase> <!-- NationalityTest -->
  <testcase classname="com.hrms.masters.tests.MastersPersonalTest" name="RelationShipTest" time="0.0">
    <skipped/>
  </testcase> <!-- RelationShipTest -->
  <testcase classname="com.hrms.masters.tests.MastersPersonalTest" name="RelationshipEditTest" time="0.0">
    <skipped/>
  </testcase> <!-- RelationshipEditTest -->
  <testcase classname="com.hrms.masters.tests.MastersPersonalTest" name="ReligionEditTest" time="0.0">
    <skipped/>
  </testcase> <!-- ReligionEditTest -->
  <testcase classname="com.hrms.masters.tests.MastersPersonalTest" name="ReligionTest" time="0.0">
    <skipped/>
  </testcase> <!-- ReligionTest -->
  <testcase classname="com.hrms.masters.tests.BaseTest" name="@BeforeTest setup" time="0.0">
    <ignored/>
  </testcase> <!-- @BeforeTest setup -->
  <testcase classname="com.hrms.masters.tests.BaseTest" name="@AfterSuite tearDown" time="0.0">
    <ignored/>
  </testcase> <!-- @AfterSuite tearDown -->
</testsuite> <!-- HRMS automation masters -->
