<?xml version="1.0" encoding="UTF-8"?>
<!-- Generated by org.testng.reporters.JUnitXMLReporter -->
<testsuite ignored="3" hostname="Ashok" failures="1" tests="1" name="HRMS automation masters" time="0.078" errors="0" timestamp="2023-02-14T15:22:33 IST">
  <testcase classname="com.hrms.masters.tests.MastersGeographyTest" name="CountryTest" time="0.012">
    <failure type="java.lang.NullPointerException">
      <![CDATA[java.lang.NullPointerException
at com.hrms.masters.tests.MastersGeographyTest.CountryTest(MastersGeographyTest.java:17)
at java.base/java.util.ArrayList.forEach(ArrayList.java:1541)
... Removed 27 stack frames]]>
    </failure>
  </testcase> <!-- CountryTest -->
  <testcase classname="com.hrms.masters.tests.MastersGeographyTest" name="CountryEditTest" time="0.0">
    <ignored/>
  </testcase> <!-- CountryEditTest -->
  <testcase classname="com.hrms.masters.tests.MastersGeographyTest" name="StateEditTest" time="0.0">
    <ignored/>
  </testcase> <!-- StateEditTest -->
  <testcase classname="com.hrms.masters.tests.MastersGeographyTest" name="StateTest" time="0.0">
    <ignored/>
  </testcase> <!-- StateTest -->
</testsuite> <!-- HRMS automation masters -->
