<?xml version="1.0" encoding="UTF-8"?>
<!-- Generated by org.testng.reporters.JUnitXMLReporter -->
<testsuite ignored="22" hostname="Ashok" failures="1" tests="6" name="HRMS automation masters" time="102.673" errors="0" timestamp="2023-02-21T14:40:52 IST">
  <testcase classname="com.hrms.masters.tests.MastersEducationTest" name="QualificationTest" time="13.246"/>
  <testcase classname="com.hrms.masters.tests.MastersEducationTest" name="QualificationEditTest" time="5.831"/>
  <testcase classname="com.hrms.masters.tests.MastersEducationTest" name="DegreeTest" time="2.904">
    <failure type="org.openqa.selenium.ElementClickInterceptedException" message="element click intercepted: Element &amp;lt;a href=&amp;quot;#&amp;quot; onclick=&amp;quot;dis_horizontal(&amp;apos;education&amp;apos;,&amp;apos;edu_font&amp;apos;,&amp;apos;qualification&amp;apos;)&amp;quot; id=&amp;quot;education&amp;quot;&amp;gt;...&amp;lt;/a&amp;gt; is not clickable at point (113, 200). Other element would receive the click: &amp;lt;div class=&amp;quot;blockUI blockOverlay&amp;quot; style=&amp;quot;z-index: 1000; border: none; margin: 0px; padding: 0px; width: 100%; height: 100%; top: 0px; left: 0px; background-color: rgb(0, 0, 0); opacity: 0.6; cursor: default; position: fixed;&amp;quot;&amp;gt;&amp;lt;/div&amp;gt;
  (Session info: chrome=110.0.5481.96)
Build info: version: &amp;apos;4.7.2&amp;apos;, revision: &amp;apos;4d4020c3b7&amp;apos;
System info: os.name: &amp;apos;Windows 10&amp;apos;, os.arch: &amp;apos;amd64&amp;apos;, os.version: &amp;apos;10.0&amp;apos;, java.version: &amp;apos;11.0.9&amp;apos;
Driver info: org.openqa.selenium.chrome.ChromeDriver
Command: [a949cc4b2b71e961ac3b66e806e4b1c3, clickElement {id=0345bf3d-a2a1-4562-b235-ffd510b6b42f}]
Capabilities {acceptInsecureCerts: false, browserName: chrome, browserVersion: 110.0.5481.96, chrome: {chromedriverVersion: 110.0.5481.77 (65ed616c6e8e..., userDataDir: C:\Users\angap\AppData\Loca...}, goog:chromeOptions: {debuggerAddress: localhost:59690}, networkConnectionEnabled: false, pageLoadStrategy: normal, platformName: WINDOWS, proxy: Proxy(), se:cdp: ws://localhost:59690/devtoo..., se:cdpVersion: 110.0.5481.96, setWindowRect: true, strictFileInteractability: false, timeouts: {implicit: 0, pageLoad: 300000, script: 30000}, unhandledPromptBehavior: dismiss and notify, webauthn:extension:credBlob: true, webauthn:extension:largeBlob: true, webauthn:virtualAuthenticators: true}
Element: [[ChromeDriver: chrome on WINDOWS (a949cc4b2b71e961ac3b66e806e4b1c3)] -&amp;gt; xpath: //*[@id=&amp;apos;education&amp;apos;]]
Session ID: a949cc4b2b71e961ac3b66e806e4b1c3">
      <![CDATA[org.openqa.selenium.ElementClickInterceptedException: element click intercepted: Element <a href="#" onclick="dis_horizontal('education','edu_font','qualification')" id="education">...</a> is not clickable at point (113, 200). Other element would receive the click: <div class="blockUI blockOverlay" style="z-index: 1000; border: none; margin: 0px; padding: 0px; width: 100%; height: 100%; top: 0px; left: 0px; background-color: rgb(0, 0, 0); opacity: 0.6; cursor: default; position: fixed;"></div>
  (Session info: chrome=110.0.5481.96)
Build info: version: '4.7.2', revision: '4d4020c3b7'
System info: os.name: 'Windows 10', os.arch: 'amd64', os.version: '10.0', java.version: '11.0.9'
Driver info: org.openqa.selenium.chrome.ChromeDriver
Command: [a949cc4b2b71e961ac3b66e806e4b1c3, clickElement {id=0345bf3d-a2a1-4562-b235-ffd510b6b42f}]
Capabilities {acceptInsecureCerts: false, browserName: chrome, browserVersion: 110.0.5481.96, chrome: {chromedriverVersion: 110.0.5481.77 (65ed616c6e8e..., userDataDir: C:\Users\angap\AppData\Loca...}, goog:chromeOptions: {debuggerAddress: localhost:59690}, networkConnectionEnabled: false, pageLoadStrategy: normal, platformName: WINDOWS, proxy: Proxy(), se:cdp: ws://localhost:59690/devtoo..., se:cdpVersion: 110.0.5481.96, setWindowRect: true, strictFileInteractability: false, timeouts: {implicit: 0, pageLoad: 300000, script: 30000}, unhandledPromptBehavior: dismiss and notify, webauthn:extension:credBlob: true, webauthn:extension:largeBlob: true, webauthn:virtualAuthenticators: true}
Element: [[ChromeDriver: chrome on WINDOWS (a949cc4b2b71e961ac3b66e806e4b1c3)] -> xpath: //*[@id='education']]
Session ID: a949cc4b2b71e961ac3b66e806e4b1c3
at org.openqa.selenium.remote.codec.w3c.W3CHttpResponseCodec.createException(W3CHttpResponseCodec.java:200)
at org.openqa.selenium.remote.codec.w3c.W3CHttpResponseCodec.decode(W3CHttpResponseCodec.java:133)
at org.openqa.selenium.remote.codec.w3c.W3CHttpResponseCodec.decode(W3CHttpResponseCodec.java:53)
at org.openqa.selenium.remote.HttpCommandExecutor.execute(HttpCommandExecutor.java:184)
at org.openqa.selenium.remote.service.DriverCommandExecutor.invokeExecute(DriverCommandExecutor.java:167)
at org.openqa.selenium.remote.service.DriverCommandExecutor.execute(DriverCommandExecutor.java:142)
at org.openqa.selenium.remote.RemoteWebDriver.execute(RemoteWebDriver.java:535)
at org.openqa.selenium.remote.RemoteWebElement.execute(RemoteWebElement.java:257)
at org.openqa.selenium.remote.RemoteWebElement.click(RemoteWebElement.java:78)
at com.hrms.Utils.ElementUtils.doClick(ElementUtils.java:101)
at com.hrms.pageactions.masters.MastersEducation.DegreeCheck(MastersEducation.java:125)
at com.hrms.masters.tests.MastersEducationTest.DegreeTest(MastersEducationTest.java:30)
at java.base/java.util.ArrayList.forEach(ArrayList.java:1541)
... Removed 31 stack frames]]>
    </failure>
  </testcase> <!-- DegreeTest -->
  <testcase classname="com.hrms.masters.tests.MastersEducationTest" name="DegreeEditTest" time="9.972"/>
  <testcase classname="com.hrms.masters.tests.MastersEducationTest" name="CourseTest" time="15.638"/>
  <testcase classname="com.hrms.masters.tests.MastersEducationTest" name="CourseEditTest" time="4.139"/>
  <testcase classname="com.hrms.masters.tests.MastersGeographyTest" name="AreaTest" time="0.0">
    <ignored/>
  </testcase> <!-- AreaTest -->
  <testcase classname="com.hrms.masters.tests.MastersPersonalTest" name="RelationshipEditTest" time="0.0">
    <ignored/>
  </testcase> <!-- RelationshipEditTest -->
  <testcase classname="com.hrms.masters.tests.MastersGeographyTest" name="WorklocationEditTest" time="0.0">
    <ignored/>
  </testcase> <!-- WorklocationEditTest -->
  <testcase classname="com.hrms.masters.tests.MastersGeographyTest" name="CountryTest" time="0.0">
    <ignored/>
  </testcase> <!-- CountryTest -->
  <testcase classname="com.hrms.masters.tests.MastersPersonalTest" name="ReligionTest" time="0.0">
    <ignored/>
  </testcase> <!-- ReligionTest -->
  <testcase classname="com.hrms.masters.tests.MastersPersonalTest" name="BloodGroupTest" time="0.0">
    <ignored/>
  </testcase> <!-- BloodGroupTest -->
  <testcase classname="com.hrms.masters.tests.MastersPersonalTest" name="LanguageTest" time="0.0">
    <ignored/>
  </testcase> <!-- LanguageTest -->
  <testcase classname="com.hrms.masters.tests.MastersGeographyTest" name="CityTest" time="0.0">
    <ignored/>
  </testcase> <!-- CityTest -->
  <testcase classname="com.hrms.masters.tests.MastersPersonalTest" name="ReligionEditTest" time="0.0">
    <ignored/>
  </testcase> <!-- ReligionEditTest -->
  <testcase classname="com.hrms.masters.tests.MastersPersonalTest" name="NationalityTest" time="0.0">
    <ignored/>
  </testcase> <!-- NationalityTest -->
  <testcase classname="com.hrms.masters.tests.MastersGeographyTest" name="StateTest" time="0.0">
    <ignored/>
  </testcase> <!-- StateTest -->
  <testcase classname="com.hrms.masters.tests.MastersGeographyTest" name="AreaEditTest" time="0.0">
    <ignored/>
  </testcase> <!-- AreaEditTest -->
  <testcase classname="com.hrms.masters.tests.MastersPersonalTest" name="BloodGroupEditTest" time="0.0">
    <ignored/>
  </testcase> <!-- BloodGroupEditTest -->
  <testcase classname="com.hrms.masters.tests.MastersPersonalTest" name="RelationShipTest" time="0.0">
    <ignored/>
  </testcase> <!-- RelationShipTest -->
  <testcase classname="com.hrms.masters.tests.MastersGeographyTest" name="CityEditTest" time="0.0">
    <ignored/>
  </testcase> <!-- CityEditTest -->
  <testcase classname="com.hrms.masters.tests.MastersGeographyTest" name="WorklocationTest" time="0.0">
    <ignored/>
  </testcase> <!-- WorklocationTest -->
  <testcase classname="com.hrms.masters.tests.MastersPersonalTest" name="IdentificationProofEditTest" time="0.0">
    <ignored/>
  </testcase> <!-- IdentificationProofEditTest -->
  <testcase classname="com.hrms.masters.tests.MastersPersonalTest" name="LanguageEditTest" time="0.0">
    <ignored/>
  </testcase> <!-- LanguageEditTest -->
  <testcase classname="com.hrms.masters.tests.MastersGeographyTest" name="CountryEditTest" time="0.0">
    <ignored/>
  </testcase> <!-- CountryEditTest -->
  <testcase classname="com.hrms.masters.tests.MastersPersonalTest" name="IdentificationProofTest" time="0.0">
    <ignored/>
  </testcase> <!-- IdentificationProofTest -->
  <testcase classname="com.hrms.masters.tests.MastersGeographyTest" name="StateEditTest" time="0.0">
    <ignored/>
  </testcase> <!-- StateEditTest -->
  <testcase classname="com.hrms.masters.tests.MastersPersonalTest" name="NationalityEditTest" time="0.0">
    <ignored/>
  </testcase> <!-- NationalityEditTest -->
</testsuite> <!-- HRMS automation masters -->
