<?xml version="1.0" encoding="UTF-8"?>
<testng-results ignored="9" total="10" passed="1" failed="0" skipped="0">
  <reporter-output>
  </reporter-output>
  <suite started-at="2023-02-28T18:59:58 IST" name="Default suite" finished-at="2023-02-28T19:00:52 IST" duration-ms="54543">
    <groups>
      <group name="Regression">
        <method signature="MastersGeographyTest.AreaEditTest()[pri:7, instance:com.hrms.masters.tests.MastersGeographyTest@942a29c]" name="AreaEditTest" class="com.hrms.masters.tests.MastersGeographyTest"/>
      </group> <!-- Regression -->
    </groups>
    <test started-at="2023-02-28T18:59:58 IST" name="Default test" finished-at="2023-02-28T19:00:52 IST" duration-ms="54543">
      <class name="com.hrms.masters.tests.MastersGeographyTest">
        <test-method is-config="true" signature="setup()[pri:0, instance:com.hrms.masters.tests.MastersGeographyTest@942a29c]" started-at="2023-02-28T18:59:58 IST" name="setup" finished-at="2023-02-28T19:00:11 IST" duration-ms="12573" status="PASS">
          <reporter-output>
          </reporter-output>
        </test-method> <!-- setup -->
        <test-method is-config="true" signature="login()[pri:0, instance:com.hrms.masters.tests.MastersGeographyTest@942a29c]" started-at="2023-02-28T19:00:11 IST" name="login" finished-at="2023-02-28T19:00:27 IST" duration-ms="15981" status="PASS">
          <reporter-output>
          </reporter-output>
        </test-method> <!-- login -->
        <test-method signature="AreaEditTest()[pri:7, instance:com.hrms.masters.tests.MastersGeographyTest@942a29c]" started-at="2023-02-28T19:00:27 IST" name="AreaEditTest" finished-at="2023-02-28T19:00:52 IST" duration-ms="25063" status="PASS">
          <reporter-output>
          </reporter-output>
        </test-method> <!-- AreaEditTest -->
        <test-method is-config="true" signature="tearDown()[pri:0, instance:com.hrms.masters.tests.MastersGeographyTest@942a29c]" started-at="2023-02-28T19:00:52 IST" name="tearDown" finished-at="2023-02-28T19:00:52 IST" duration-ms="842" status="PASS">
          <reporter-output>
          </reporter-output>
        </test-method> <!-- tearDown -->
      </class> <!-- com.hrms.masters.tests.MastersGeographyTest -->
    </test> <!-- Default test -->
  </suite> <!-- Default suite -->
</testng-results>
