<?xml version="1.0" encoding="UTF-8"?>
<testng-results ignored="18" total="46" passed="18" failed="10" skipped="0">
  <reporter-output>
  </reporter-output>
  <suite started-at="2023-02-24T15:42:49 IST" name="HRMS" finished-at="2023-02-24T15:51:55 IST" duration-ms="545605">
    <groups>
      <group name="Education">
        <method signature="MastersEducationTest.CourseEditTest()[pri:5, instance:com.hrms.masters.tests.MastersEducationTest@4b34fff9]" name="CourseEditTest" class="com.hrms.masters.tests.MastersEducationTest"/>
        <method signature="MastersEducationTest.CourseTest()[pri:4, instance:com.hrms.masters.tests.MastersEducationTest@4b34fff9]" name="CourseTest" class="com.hrms.masters.tests.MastersEducationTest"/>
        <method signature="MastersEducationTest.DegreeEditTest()[pri:3, instance:com.hrms.masters.tests.MastersEducationTest@4b34fff9]" name="DegreeEditTest" class="com.hrms.masters.tests.MastersEducationTest"/>
        <method signature="MastersEducationTest.DegreeTest()[pri:2, instance:com.hrms.masters.tests.MastersEducationTest@4b34fff9]" name="DegreeTest" class="com.hrms.masters.tests.MastersEducationTest"/>
        <method signature="MastersEducationTest.QualificationEditTest()[pri:1, instance:com.hrms.masters.tests.MastersEducationTest@4b34fff9]" name="QualificationEditTest" class="com.hrms.masters.tests.MastersEducationTest"/>
        <method signature="MastersEducationTest.QualificationTest()[pri:0, instance:com.hrms.masters.tests.MastersEducationTest@4b34fff9]" name="QualificationTest" class="com.hrms.masters.tests.MastersEducationTest"/>
      </group> <!-- Education -->
      <group name="Regression">
        <method signature="MastersEducationTest.CourseEditTest()[pri:5, instance:com.hrms.masters.tests.MastersEducationTest@4b34fff9]" name="CourseEditTest" class="com.hrms.masters.tests.MastersEducationTest"/>
        <method signature="MastersEducationTest.CourseTest()[pri:4, instance:com.hrms.masters.tests.MastersEducationTest@4b34fff9]" name="CourseTest" class="com.hrms.masters.tests.MastersEducationTest"/>
        <method signature="MastersEducationTest.DegreeEditTest()[pri:3, instance:com.hrms.masters.tests.MastersEducationTest@4b34fff9]" name="DegreeEditTest" class="com.hrms.masters.tests.MastersEducationTest"/>
        <method signature="MastersEducationTest.DegreeTest()[pri:2, instance:com.hrms.masters.tests.MastersEducationTest@4b34fff9]" name="DegreeTest" class="com.hrms.masters.tests.MastersEducationTest"/>
        <method signature="MastersEducationTest.QualificationEditTest()[pri:1, instance:com.hrms.masters.tests.MastersEducationTest@4b34fff9]" name="QualificationEditTest" class="com.hrms.masters.tests.MastersEducationTest"/>
        <method signature="MastersEducationTest.QualificationTest()[pri:0, instance:com.hrms.masters.tests.MastersEducationTest@4b34fff9]" name="QualificationTest" class="com.hrms.masters.tests.MastersEducationTest"/>
        <method signature="MastersGeographyTest.AreaEditTest()[pri:7, instance:com.hrms.masters.tests.MastersGeographyTest@704deff2]" name="AreaEditTest" class="com.hrms.masters.tests.MastersGeographyTest"/>
        <method signature="MastersGeographyTest.AreaTest()[pri:6, instance:com.hrms.masters.tests.MastersGeographyTest@704deff2]" name="AreaTest" class="com.hrms.masters.tests.MastersGeographyTest"/>
        <method signature="MastersGeographyTest.CityEditTest()[pri:5, instance:com.hrms.masters.tests.MastersGeographyTest@704deff2]" name="CityEditTest" class="com.hrms.masters.tests.MastersGeographyTest"/>
        <method signature="MastersGeographyTest.CityTest()[pri:4, instance:com.hrms.masters.tests.MastersGeographyTest@704deff2]" name="CityTest" class="com.hrms.masters.tests.MastersGeographyTest"/>
        <method signature="MastersGeographyTest.CountryEditTest()[pri:1, instance:com.hrms.masters.tests.MastersGeographyTest@704deff2]" name="CountryEditTest" class="com.hrms.masters.tests.MastersGeographyTest"/>
        <method signature="MastersGeographyTest.CountryTest()[pri:0, instance:com.hrms.masters.tests.MastersGeographyTest@704deff2]" name="CountryTest" class="com.hrms.masters.tests.MastersGeographyTest"/>
        <method signature="MastersGeographyTest.StateEditTest()[pri:3, instance:com.hrms.masters.tests.MastersGeographyTest@704deff2]" name="StateEditTest" class="com.hrms.masters.tests.MastersGeographyTest"/>
        <method signature="MastersGeographyTest.StateTest()[pri:2, instance:com.hrms.masters.tests.MastersGeographyTest@704deff2]" name="StateTest" class="com.hrms.masters.tests.MastersGeographyTest"/>
        <method signature="MastersGeographyTest.WorklocationEditTest()[pri:9, instance:com.hrms.masters.tests.MastersGeographyTest@704deff2]" name="WorklocationEditTest" class="com.hrms.masters.tests.MastersGeographyTest"/>
        <method signature="MastersGeographyTest.WorklocationTest()[pri:8, instance:com.hrms.masters.tests.MastersGeographyTest@704deff2]" name="WorklocationTest" class="com.hrms.masters.tests.MastersGeographyTest"/>
        <method signature="MastersPersonalTest.BloodGroupEditTest()[pri:9, instance:com.hrms.masters.tests.MastersPersonalTest@34f6515b]" name="BloodGroupEditTest" class="com.hrms.masters.tests.MastersPersonalTest"/>
        <method signature="MastersPersonalTest.BloodGroupTest()[pri:8, instance:com.hrms.masters.tests.MastersPersonalTest@34f6515b]" name="BloodGroupTest" class="com.hrms.masters.tests.MastersPersonalTest"/>
        <method signature="MastersPersonalTest.IdentificationProofEditTest()[pri:11, instance:com.hrms.masters.tests.MastersPersonalTest@34f6515b]" name="IdentificationProofEditTest" class="com.hrms.masters.tests.MastersPersonalTest"/>
        <method signature="MastersPersonalTest.IdentificationProofTest()[pri:10, instance:com.hrms.masters.tests.MastersPersonalTest@34f6515b]" name="IdentificationProofTest" class="com.hrms.masters.tests.MastersPersonalTest"/>
        <method signature="MastersPersonalTest.LanguageEditTest()[pri:5, instance:com.hrms.masters.tests.MastersPersonalTest@34f6515b]" name="LanguageEditTest" class="com.hrms.masters.tests.MastersPersonalTest"/>
        <method signature="MastersPersonalTest.LanguageTest()[pri:4, instance:com.hrms.masters.tests.MastersPersonalTest@34f6515b]" name="LanguageTest" class="com.hrms.masters.tests.MastersPersonalTest"/>
        <method signature="MastersPersonalTest.NationalityEditTest()[pri:3, instance:com.hrms.masters.tests.MastersPersonalTest@34f6515b]" name="NationalityEditTest" class="com.hrms.masters.tests.MastersPersonalTest"/>
        <method signature="MastersPersonalTest.NationalityTest()[pri:2, instance:com.hrms.masters.tests.MastersPersonalTest@34f6515b]" name="NationalityTest" class="com.hrms.masters.tests.MastersPersonalTest"/>
        <method signature="MastersPersonalTest.RelationShipTest()[pri:6, instance:com.hrms.masters.tests.MastersPersonalTest@34f6515b]" name="RelationShipTest" class="com.hrms.masters.tests.MastersPersonalTest"/>
        <method signature="MastersPersonalTest.RelationshipEditTest()[pri:7, instance:com.hrms.masters.tests.MastersPersonalTest@34f6515b]" name="RelationshipEditTest" class="com.hrms.masters.tests.MastersPersonalTest"/>
        <method signature="MastersPersonalTest.ReligionEditTest()[pri:1, instance:com.hrms.masters.tests.MastersPersonalTest@34f6515b]" name="ReligionEditTest" class="com.hrms.masters.tests.MastersPersonalTest"/>
        <method signature="MastersPersonalTest.ReligionTest()[pri:0, instance:com.hrms.masters.tests.MastersPersonalTest@34f6515b]" name="ReligionTest" class="com.hrms.masters.tests.MastersPersonalTest"/>
      </group> <!-- Regression -->
    </groups>
    <test started-at="2023-02-24T15:42:49 IST" name="HRMS automation masters" finished-at="2023-02-24T15:51:55 IST" duration-ms="545605">
      <class name="com.hrms.masters.tests.MastersPersonalTest">
        <test-method is-config="true" signature="setup()[pri:0, instance:com.hrms.masters.tests.MastersPersonalTest@34f6515b]" started-at="2023-02-24T15:42:49 IST" name="setup" finished-at="2023-02-24T15:43:59 IST" duration-ms="69966" status="PASS">
          <reporter-output>
          </reporter-output>
        </test-method> <!-- setup -->
        <test-method is-config="true" signature="login()[pri:0, instance:com.hrms.masters.tests.MastersPersonalTest@34f6515b]" started-at="2023-02-24T15:43:59 IST" name="login" finished-at="2023-02-24T15:50:00 IST" duration-ms="360983" status="PASS">
          <reporter-output>
          </reporter-output>
        </test-method> <!-- login -->
        <test-method signature="ReligionTest()[pri:0, instance:com.hrms.masters.tests.MastersPersonalTest@34f6515b]" started-at="2023-02-24T15:50:00 IST" name="ReligionTest" finished-at="2023-02-24T15:50:07 IST" duration-ms="6260" status="FAIL">
          <exception class="org.openqa.selenium.StaleElementReferenceException">
            <message>
              <![CDATA[stale element reference: element is not attached to the page document
  (Session info: chrome=110.0.5481.177)
For documentation on this error, please visit: https://selenium.dev/exceptions/#stale_element_reference
Build info: version: '4.7.2', revision: '4d4020c3b7'
System info: os.name: 'Windows 10', os.arch: 'amd64', os.version: '10.0', java.version: '11.0.9'
Driver info: org.openqa.selenium.chrome.ChromeDriver
Command: [9546af1fc5bdf74964e6d9a375057f3f, clickElement {id=895a7068-722c-4613-ab09-a4e5c02668d7}]
Capabilities {acceptInsecureCerts: false, browserName: chrome, browserVersion: 110.0.5481.177, chrome: {chromedriverVersion: 110.0.5481.77 (65ed616c6e8e..., userDataDir: C:\Users\angap\AppData\Loca...}, goog:chromeOptions: {debuggerAddress: localhost:65183}, networkConnectionEnabled: false, pageLoadStrategy: normal, platformName: WINDOWS, proxy: Proxy(), se:cdp: ws://localhost:65183/devtoo..., se:cdpVersion: 110.0.5481.177, setWindowRect: true, strictFileInteractability: false, timeouts: {implicit: 0, pageLoad: 300000, script: 30000}, unhandledPromptBehavior: dismiss and notify, webauthn:extension:credBlob: true, webauthn:extension:largeBlob: true, webauthn:virtualAuthenticators: true}
Element: [[ChromeDriver: chrome on WINDOWS (9546af1fc5bdf74964e6d9a375057f3f)] -> xpath: //*[@id='swap']]
Session ID: 9546af1fc5bdf74964e6d9a375057f3f]]>
            </message>
            <full-stacktrace>
              <![CDATA[org.openqa.selenium.StaleElementReferenceException: stale element reference: element is not attached to the page document
  (Session info: chrome=110.0.5481.177)
For documentation on this error, please visit: https://selenium.dev/exceptions/#stale_element_reference
Build info: version: '4.7.2', revision: '4d4020c3b7'
System info: os.name: 'Windows 10', os.arch: 'amd64', os.version: '10.0', java.version: '11.0.9'
Driver info: org.openqa.selenium.chrome.ChromeDriver
Command: [9546af1fc5bdf74964e6d9a375057f3f, clickElement {id=895a7068-722c-4613-ab09-a4e5c02668d7}]
Capabilities {acceptInsecureCerts: false, browserName: chrome, browserVersion: 110.0.5481.177, chrome: {chromedriverVersion: 110.0.5481.77 (65ed616c6e8e..., userDataDir: C:\Users\angap\AppData\Loca...}, goog:chromeOptions: {debuggerAddress: localhost:65183}, networkConnectionEnabled: false, pageLoadStrategy: normal, platformName: WINDOWS, proxy: Proxy(), se:cdp: ws://localhost:65183/devtoo..., se:cdpVersion: 110.0.5481.177, setWindowRect: true, strictFileInteractability: false, timeouts: {implicit: 0, pageLoad: 300000, script: 30000}, unhandledPromptBehavior: dismiss and notify, webauthn:extension:credBlob: true, webauthn:extension:largeBlob: true, webauthn:virtualAuthenticators: true}
Element: [[ChromeDriver: chrome on WINDOWS (9546af1fc5bdf74964e6d9a375057f3f)] -> xpath: //*[@id='swap']]
Session ID: 9546af1fc5bdf74964e6d9a375057f3f
at java.base/jdk.internal.reflect.NativeConstructorAccessorImpl.newInstance0(Native Method)
at java.base/jdk.internal.reflect.NativeConstructorAccessorImpl.newInstance(NativeConstructorAccessorImpl.java:62)
at java.base/jdk.internal.reflect.DelegatingConstructorAccessorImpl.newInstance(DelegatingConstructorAccessorImpl.java:45)
at java.base/java.lang.reflect.Constructor.newInstance(Constructor.java:490)
at org.openqa.selenium.remote.codec.w3c.W3CHttpResponseCodec.createException(W3CHttpResponseCodec.java:200)
at org.openqa.selenium.remote.codec.w3c.W3CHttpResponseCodec.decode(W3CHttpResponseCodec.java:133)
at org.openqa.selenium.remote.codec.w3c.W3CHttpResponseCodec.decode(W3CHttpResponseCodec.java:53)
at org.openqa.selenium.remote.HttpCommandExecutor.execute(HttpCommandExecutor.java:184)
at org.openqa.selenium.remote.service.DriverCommandExecutor.invokeExecute(DriverCommandExecutor.java:167)
at org.openqa.selenium.remote.service.DriverCommandExecutor.execute(DriverCommandExecutor.java:142)
at org.openqa.selenium.remote.RemoteWebDriver.execute(RemoteWebDriver.java:535)
at org.openqa.selenium.remote.RemoteWebElement.execute(RemoteWebElement.java:257)
at org.openqa.selenium.remote.RemoteWebElement.click(RemoteWebElement.java:78)
at com.hrms.Utils.ElementUtils.doClick(ElementUtils.java:101)
at com.hrms.pageactions.masters.MastersPersonal.ReligionCheck(MastersPersonal.java:37)
at com.hrms.masters.tests.MastersPersonalTest.ReligionTest(MastersPersonalTest.java:23)
at java.base/jdk.internal.reflect.NativeMethodAccessorImpl.invoke0(Native Method)
at java.base/jdk.internal.reflect.NativeMethodAccessorImpl.invoke(NativeMethodAccessorImpl.java:62)
at java.base/jdk.internal.reflect.DelegatingMethodAccessorImpl.invoke(DelegatingMethodAccessorImpl.java:43)
at java.base/java.lang.reflect.Method.invoke(Method.java:566)
at org.testng.internal.MethodInvocationHelper.invokeMethod(MethodInvocationHelper.java:133)
at org.testng.internal.TestInvoker.invokeMethod(TestInvoker.java:598)
at org.testng.internal.TestInvoker.invokeTestMethod(TestInvoker.java:173)
at org.testng.internal.MethodRunner.runInSequence(MethodRunner.java:46)
at org.testng.internal.TestInvoker$MethodInvocationAgent.invoke(TestInvoker.java:824)
at org.testng.internal.TestInvoker.invokeTestMethods(TestInvoker.java:146)
at org.testng.internal.TestMethodWorker.invokeTestMethods(TestMethodWorker.java:146)
at org.testng.internal.TestMethodWorker.run(TestMethodWorker.java:128)
at java.base/java.util.concurrent.ThreadPoolExecutor.runWorker(ThreadPoolExecutor.java:1128)
at java.base/java.util.concurrent.ThreadPoolExecutor$Worker.run(ThreadPoolExecutor.java:628)
at java.base/java.lang.Thread.run(Thread.java:834)
]]>
            </full-stacktrace>
          </exception> <!-- org.openqa.selenium.StaleElementReferenceException -->
          <reporter-output>
          </reporter-output>
        </test-method> <!-- ReligionTest -->
        <test-method signature="ReligionEditTest()[pri:1, instance:com.hrms.masters.tests.MastersPersonalTest@34f6515b]" started-at="2023-02-24T15:50:07 IST" name="ReligionEditTest" finished-at="2023-02-24T15:50:32 IST" duration-ms="24934" status="PASS">
          <reporter-output>
          </reporter-output>
        </test-method> <!-- ReligionEditTest -->
        <test-method signature="NationalityTest()[pri:2, instance:com.hrms.masters.tests.MastersPersonalTest@34f6515b]" started-at="2023-02-24T15:50:32 IST" name="NationalityTest" finished-at="2023-02-24T15:50:43 IST" duration-ms="10603" status="PASS">
          <reporter-output>
          </reporter-output>
        </test-method> <!-- NationalityTest -->
        <test-method signature="NationalityEditTest()[pri:3, instance:com.hrms.masters.tests.MastersPersonalTest@34f6515b]" started-at="2023-02-24T15:50:43 IST" name="NationalityEditTest" finished-at="2023-02-24T15:50:50 IST" duration-ms="7683" status="PASS">
          <reporter-output>
          </reporter-output>
        </test-method> <!-- NationalityEditTest -->
        <test-method signature="LanguageTest()[pri:4, instance:com.hrms.masters.tests.MastersPersonalTest@34f6515b]" started-at="2023-02-24T15:50:50 IST" name="LanguageTest" finished-at="2023-02-24T15:51:02 IST" duration-ms="11331" status="PASS">
          <reporter-output>
          </reporter-output>
        </test-method> <!-- LanguageTest -->
        <test-method signature="LanguageEditTest()[pri:5, instance:com.hrms.masters.tests.MastersPersonalTest@34f6515b]" started-at="2023-02-24T15:51:02 IST" name="LanguageEditTest" finished-at="2023-02-24T15:51:07 IST" duration-ms="5399" status="PASS">
          <reporter-output>
          </reporter-output>
        </test-method> <!-- LanguageEditTest -->
        <test-method signature="RelationShipTest()[pri:6, instance:com.hrms.masters.tests.MastersPersonalTest@34f6515b]" started-at="2023-02-24T15:51:07 IST" name="RelationShipTest" finished-at="2023-02-24T15:51:20 IST" duration-ms="12629" status="PASS">
          <reporter-output>
          </reporter-output>
        </test-method> <!-- RelationShipTest -->
        <test-method signature="RelationshipEditTest()[pri:7, instance:com.hrms.masters.tests.MastersPersonalTest@34f6515b]" started-at="2023-02-24T15:51:20 IST" name="RelationshipEditTest" finished-at="2023-02-24T15:51:24 IST" duration-ms="4389" status="PASS">
          <reporter-output>
          </reporter-output>
        </test-method> <!-- RelationshipEditTest -->
        <test-method signature="BloodGroupTest()[pri:8, instance:com.hrms.masters.tests.MastersPersonalTest@34f6515b]" started-at="2023-02-24T15:51:24 IST" name="BloodGroupTest" finished-at="2023-02-24T15:51:37 IST" duration-ms="13046" status="PASS">
          <reporter-output>
          </reporter-output>
        </test-method> <!-- BloodGroupTest -->
        <test-method signature="BloodGroupEditTest()[pri:9, instance:com.hrms.masters.tests.MastersPersonalTest@34f6515b]" started-at="2023-02-24T15:51:37 IST" name="BloodGroupEditTest" finished-at="2023-02-24T15:51:43 IST" duration-ms="5791" status="PASS">
          <reporter-output>
          </reporter-output>
        </test-method> <!-- BloodGroupEditTest -->
        <test-method signature="IdentificationProofTest()[pri:10, instance:com.hrms.masters.tests.MastersPersonalTest@34f6515b]" started-at="2023-02-24T15:51:43 IST" name="IdentificationProofTest" finished-at="2023-02-24T15:51:47 IST" duration-ms="4139" status="FAIL">
          <exception class="org.openqa.selenium.ElementClickInterceptedException">
            <message>
              <![CDATA[element click intercepted: Element <a href="#" onclick="dis_horizontal('otherdetail','other_font','religion')" id="otherdetail" class="vertactive">...</a> is not clickable at point (113, 165). Other element would receive the click: <div class="blockUI blockOverlay" style="z-index: 1000; border: none; margin: 0px; padding: 0px; width: 100%; height: 100%; top: 0px; left: 0px; background-color: rgb(0, 0, 0); opacity: 0.6; cursor: wait; position: fixed;"></div>
  (Session info: chrome=110.0.5481.177)
Build info: version: '4.7.2', revision: '4d4020c3b7'
System info: os.name: 'Windows 10', os.arch: 'amd64', os.version: '10.0', java.version: '11.0.9'
Driver info: org.openqa.selenium.chrome.ChromeDriver
Command: [9546af1fc5bdf74964e6d9a375057f3f, clickElement {id=2e702455-fdf5-4c1d-84bd-abf4b07b6c9a}]
Capabilities {acceptInsecureCerts: false, browserName: chrome, browserVersion: 110.0.5481.177, chrome: {chromedriverVersion: 110.0.5481.77 (65ed616c6e8e..., userDataDir: C:\Users\angap\AppData\Loca...}, goog:chromeOptions: {debuggerAddress: localhost:65183}, networkConnectionEnabled: false, pageLoadStrategy: normal, platformName: WINDOWS, proxy: Proxy(), se:cdp: ws://localhost:65183/devtoo..., se:cdpVersion: 110.0.5481.177, setWindowRect: true, strictFileInteractability: false, timeouts: {implicit: 0, pageLoad: 300000, script: 30000}, unhandledPromptBehavior: dismiss and notify, webauthn:extension:credBlob: true, webauthn:extension:largeBlob: true, webauthn:virtualAuthenticators: true}
Element: [[ChromeDriver: chrome on WINDOWS (9546af1fc5bdf74964e6d9a375057f3f)] -> xpath: //*[@id='otherdetail']]
Session ID: 9546af1fc5bdf74964e6d9a375057f3f]]>
            </message>
            <full-stacktrace>
              <![CDATA[org.openqa.selenium.ElementClickInterceptedException: element click intercepted: Element <a href="#" onclick="dis_horizontal('otherdetail','other_font','religion')" id="otherdetail" class="vertactive">...</a> is not clickable at point (113, 165). Other element would receive the click: <div class="blockUI blockOverlay" style="z-index: 1000; border: none; margin: 0px; padding: 0px; width: 100%; height: 100%; top: 0px; left: 0px; background-color: rgb(0, 0, 0); opacity: 0.6; cursor: wait; position: fixed;"></div>
  (Session info: chrome=110.0.5481.177)
Build info: version: '4.7.2', revision: '4d4020c3b7'
System info: os.name: 'Windows 10', os.arch: 'amd64', os.version: '10.0', java.version: '11.0.9'
Driver info: org.openqa.selenium.chrome.ChromeDriver
Command: [9546af1fc5bdf74964e6d9a375057f3f, clickElement {id=2e702455-fdf5-4c1d-84bd-abf4b07b6c9a}]
Capabilities {acceptInsecureCerts: false, browserName: chrome, browserVersion: 110.0.5481.177, chrome: {chromedriverVersion: 110.0.5481.77 (65ed616c6e8e..., userDataDir: C:\Users\angap\AppData\Loca...}, goog:chromeOptions: {debuggerAddress: localhost:65183}, networkConnectionEnabled: false, pageLoadStrategy: normal, platformName: WINDOWS, proxy: Proxy(), se:cdp: ws://localhost:65183/devtoo..., se:cdpVersion: 110.0.5481.177, setWindowRect: true, strictFileInteractability: false, timeouts: {implicit: 0, pageLoad: 300000, script: 30000}, unhandledPromptBehavior: dismiss and notify, webauthn:extension:credBlob: true, webauthn:extension:largeBlob: true, webauthn:virtualAuthenticators: true}
Element: [[ChromeDriver: chrome on WINDOWS (9546af1fc5bdf74964e6d9a375057f3f)] -> xpath: //*[@id='otherdetail']]
Session ID: 9546af1fc5bdf74964e6d9a375057f3f
at java.base/jdk.internal.reflect.NativeConstructorAccessorImpl.newInstance0(Native Method)
at java.base/jdk.internal.reflect.NativeConstructorAccessorImpl.newInstance(NativeConstructorAccessorImpl.java:62)
at java.base/jdk.internal.reflect.DelegatingConstructorAccessorImpl.newInstance(DelegatingConstructorAccessorImpl.java:45)
at java.base/java.lang.reflect.Constructor.newInstance(Constructor.java:490)
at org.openqa.selenium.remote.codec.w3c.W3CHttpResponseCodec.createException(W3CHttpResponseCodec.java:200)
at org.openqa.selenium.remote.codec.w3c.W3CHttpResponseCodec.decode(W3CHttpResponseCodec.java:133)
at org.openqa.selenium.remote.codec.w3c.W3CHttpResponseCodec.decode(W3CHttpResponseCodec.java:53)
at org.openqa.selenium.remote.HttpCommandExecutor.execute(HttpCommandExecutor.java:184)
at org.openqa.selenium.remote.service.DriverCommandExecutor.invokeExecute(DriverCommandExecutor.java:167)
at org.openqa.selenium.remote.service.DriverCommandExecutor.execute(DriverCommandExecutor.java:142)
at org.openqa.selenium.remote.RemoteWebDriver.execute(RemoteWebDriver.java:535)
at org.openqa.selenium.remote.RemoteWebElement.execute(RemoteWebElement.java:257)
at org.openqa.selenium.remote.RemoteWebElement.click(RemoteWebElement.java:78)
at com.hrms.Utils.ElementUtils.doClick(ElementUtils.java:101)
at com.hrms.pageactions.masters.MastersPersonal.IdentificationProofCheck(MastersPersonal.java:478)
at com.hrms.masters.tests.MastersPersonalTest.IdentificationProofTest(MastersPersonalTest.java:80)
at java.base/jdk.internal.reflect.NativeMethodAccessorImpl.invoke0(Native Method)
at java.base/jdk.internal.reflect.NativeMethodAccessorImpl.invoke(NativeMethodAccessorImpl.java:62)
at java.base/jdk.internal.reflect.DelegatingMethodAccessorImpl.invoke(DelegatingMethodAccessorImpl.java:43)
at java.base/java.lang.reflect.Method.invoke(Method.java:566)
at org.testng.internal.MethodInvocationHelper.invokeMethod(MethodInvocationHelper.java:133)
at org.testng.internal.TestInvoker.invokeMethod(TestInvoker.java:598)
at org.testng.internal.TestInvoker.invokeTestMethod(TestInvoker.java:173)
at org.testng.internal.MethodRunner.runInSequence(MethodRunner.java:46)
at org.testng.internal.TestInvoker$MethodInvocationAgent.invoke(TestInvoker.java:824)
at org.testng.internal.TestInvoker.invokeTestMethods(TestInvoker.java:146)
at org.testng.internal.TestMethodWorker.invokeTestMethods(TestMethodWorker.java:146)
at org.testng.internal.TestMethodWorker.run(TestMethodWorker.java:128)
at java.base/java.util.concurrent.ThreadPoolExecutor.runWorker(ThreadPoolExecutor.java:1128)
at java.base/java.util.concurrent.ThreadPoolExecutor$Worker.run(ThreadPoolExecutor.java:628)
at java.base/java.lang.Thread.run(Thread.java:834)
]]>
            </full-stacktrace>
          </exception> <!-- org.openqa.selenium.ElementClickInterceptedException -->
          <reporter-output>
          </reporter-output>
        </test-method> <!-- IdentificationProofTest -->
        <test-method signature="IdentificationProofEditTest()[pri:11, instance:com.hrms.masters.tests.MastersPersonalTest@34f6515b]" started-at="2023-02-24T15:51:47 IST" name="IdentificationProofEditTest" finished-at="2023-02-24T15:51:53 IST" duration-ms="6097" status="PASS">
          <reporter-output>
          </reporter-output>
        </test-method> <!-- IdentificationProofEditTest -->
        <test-method is-config="true" signature="tearDown()[pri:0, instance:com.hrms.masters.tests.MastersPersonalTest@34f6515b]" started-at="2023-02-24T15:51:53 IST" name="tearDown" finished-at="2023-02-24T15:51:55 IST" duration-ms="1584" status="PASS">
          <reporter-output>
          </reporter-output>
        </test-method> <!-- tearDown -->
      </class> <!-- com.hrms.masters.tests.MastersPersonalTest -->
      <class name="com.hrms.masters.tests.MastersGeographyTest">
        <test-method is-config="true" signature="setup()[pri:0, instance:com.hrms.masters.tests.MastersGeographyTest@704deff2]" started-at="2023-02-24T15:42:49 IST" name="setup" finished-at="2023-02-24T15:43:58 IST" duration-ms="68823" status="PASS">
          <reporter-output>
          </reporter-output>
        </test-method> <!-- setup -->
        <test-method is-config="true" signature="login()[pri:0, instance:com.hrms.masters.tests.MastersGeographyTest@704deff2]" started-at="2023-02-24T15:43:58 IST" name="login" finished-at="2023-02-24T15:44:37 IST" duration-ms="38948" status="PASS">
          <reporter-output>
          </reporter-output>
        </test-method> <!-- login -->
        <test-method signature="CountryTest()[pri:0, instance:com.hrms.masters.tests.MastersGeographyTest@704deff2]" started-at="2023-02-24T15:44:37 IST" name="CountryTest" finished-at="2023-02-24T15:45:38 IST" duration-ms="60513" status="FAIL">
          <exception class="org.openqa.selenium.NoSuchElementException">
            <message>
              <![CDATA[no such element: Unable to locate element: {"method":"xpath","selector":"//img[@src='resources/images/menu-icon-5.png']"}
  (Session info: chrome=110.0.5481.177)
For documentation on this error, please visit: https://selenium.dev/exceptions/#no_such_element
Build info: version: '4.7.2', revision: '4d4020c3b7'
System info: os.name: 'Windows 10', os.arch: 'amd64', os.version: '10.0', java.version: '11.0.9'
Driver info: org.openqa.selenium.chrome.ChromeDriver
Command: [9546af1fc5bdf74964e6d9a375057f3f, findElement {using=xpath, value=//img[@src='resources/images/menu-icon-5.png']}]
Capabilities {acceptInsecureCerts: false, browserName: chrome, browserVersion: 110.0.5481.177, chrome: {chromedriverVersion: 110.0.5481.77 (65ed616c6e8e..., userDataDir: C:\Users\angap\AppData\Loca...}, goog:chromeOptions: {debuggerAddress: localhost:65183}, networkConnectionEnabled: false, pageLoadStrategy: normal, platformName: WINDOWS, proxy: Proxy(), se:cdp: ws://localhost:65183/devtoo..., se:cdpVersion: 110.0.5481.177, setWindowRect: true, strictFileInteractability: false, timeouts: {implicit: 0, pageLoad: 300000, script: 30000}, unhandledPromptBehavior: dismiss and notify, webauthn:extension:credBlob: true, webauthn:extension:largeBlob: true, webauthn:virtualAuthenticators: true}
Session ID: 9546af1fc5bdf74964e6d9a375057f3f]]>
            </message>
            <full-stacktrace>
              <![CDATA[org.openqa.selenium.NoSuchElementException: no such element: Unable to locate element: {"method":"xpath","selector":"//img[@src='resources/images/menu-icon-5.png']"}
  (Session info: chrome=110.0.5481.177)
For documentation on this error, please visit: https://selenium.dev/exceptions/#no_such_element
Build info: version: '4.7.2', revision: '4d4020c3b7'
System info: os.name: 'Windows 10', os.arch: 'amd64', os.version: '10.0', java.version: '11.0.9'
Driver info: org.openqa.selenium.chrome.ChromeDriver
Command: [9546af1fc5bdf74964e6d9a375057f3f, findElement {using=xpath, value=//img[@src='resources/images/menu-icon-5.png']}]
Capabilities {acceptInsecureCerts: false, browserName: chrome, browserVersion: 110.0.5481.177, chrome: {chromedriverVersion: 110.0.5481.77 (65ed616c6e8e..., userDataDir: C:\Users\angap\AppData\Loca...}, goog:chromeOptions: {debuggerAddress: localhost:65183}, networkConnectionEnabled: false, pageLoadStrategy: normal, platformName: WINDOWS, proxy: Proxy(), se:cdp: ws://localhost:65183/devtoo..., se:cdpVersion: 110.0.5481.177, setWindowRect: true, strictFileInteractability: false, timeouts: {implicit: 0, pageLoad: 300000, script: 30000}, unhandledPromptBehavior: dismiss and notify, webauthn:extension:credBlob: true, webauthn:extension:largeBlob: true, webauthn:virtualAuthenticators: true}
Session ID: 9546af1fc5bdf74964e6d9a375057f3f
at java.base/jdk.internal.reflect.NativeConstructorAccessorImpl.newInstance0(Native Method)
at java.base/jdk.internal.reflect.NativeConstructorAccessorImpl.newInstance(NativeConstructorAccessorImpl.java:62)
at java.base/jdk.internal.reflect.DelegatingConstructorAccessorImpl.newInstance(DelegatingConstructorAccessorImpl.java:45)
at java.base/java.lang.reflect.Constructor.newInstance(Constructor.java:490)
at org.openqa.selenium.remote.codec.w3c.W3CHttpResponseCodec.createException(W3CHttpResponseCodec.java:200)
at org.openqa.selenium.remote.codec.w3c.W3CHttpResponseCodec.decode(W3CHttpResponseCodec.java:133)
at org.openqa.selenium.remote.codec.w3c.W3CHttpResponseCodec.decode(W3CHttpResponseCodec.java:53)
at org.openqa.selenium.remote.HttpCommandExecutor.execute(HttpCommandExecutor.java:184)
at org.openqa.selenium.remote.service.DriverCommandExecutor.invokeExecute(DriverCommandExecutor.java:167)
at org.openqa.selenium.remote.service.DriverCommandExecutor.execute(DriverCommandExecutor.java:142)
at org.openqa.selenium.remote.RemoteWebDriver.execute(RemoteWebDriver.java:535)
at org.openqa.selenium.remote.ElementLocation$ElementFinder$2.findElement(ElementLocation.java:162)
at org.openqa.selenium.remote.ElementLocation.findElement(ElementLocation.java:60)
at org.openqa.selenium.remote.RemoteWebDriver.findElement(RemoteWebDriver.java:351)
at org.openqa.selenium.remote.RemoteWebDriver.findElement(RemoteWebDriver.java:343)
at com.hrms.Utils.ElementUtils.getElement(ElementUtils.java:79)
at com.hrms.Utils.ElementUtils.doClick(ElementUtils.java:101)
at com.hrms.pageactions.masters.MastersGeography.CountryCheck(MastersGeography.java:42)
at com.hrms.masters.tests.MastersGeographyTest.CountryTest(MastersGeographyTest.java:23)
at java.base/jdk.internal.reflect.NativeMethodAccessorImpl.invoke0(Native Method)
at java.base/jdk.internal.reflect.NativeMethodAccessorImpl.invoke(NativeMethodAccessorImpl.java:62)
at java.base/jdk.internal.reflect.DelegatingMethodAccessorImpl.invoke(DelegatingMethodAccessorImpl.java:43)
at java.base/java.lang.reflect.Method.invoke(Method.java:566)
at org.testng.internal.MethodInvocationHelper.invokeMethod(MethodInvocationHelper.java:133)
at org.testng.internal.TestInvoker.invokeMethod(TestInvoker.java:598)
at org.testng.internal.TestInvoker.invokeTestMethod(TestInvoker.java:173)
at org.testng.internal.MethodRunner.runInSequence(MethodRunner.java:46)
at org.testng.internal.TestInvoker$MethodInvocationAgent.invoke(TestInvoker.java:824)
at org.testng.internal.TestInvoker.invokeTestMethods(TestInvoker.java:146)
at org.testng.internal.TestMethodWorker.invokeTestMethods(TestMethodWorker.java:146)
at org.testng.internal.TestMethodWorker.run(TestMethodWorker.java:128)
at java.base/java.util.concurrent.ThreadPoolExecutor.runWorker(ThreadPoolExecutor.java:1128)
at java.base/java.util.concurrent.ThreadPoolExecutor$Worker.run(ThreadPoolExecutor.java:628)
at java.base/java.lang.Thread.run(Thread.java:834)
]]>
            </full-stacktrace>
          </exception> <!-- org.openqa.selenium.NoSuchElementException -->
          <reporter-output>
          </reporter-output>
        </test-method> <!-- CountryTest -->
        <test-method signature="CountryEditTest()[pri:1, instance:com.hrms.masters.tests.MastersGeographyTest@704deff2]" started-at="2023-02-24T15:45:38 IST" name="CountryEditTest" finished-at="2023-02-24T15:46:18 IST" duration-ms="39996" status="PASS">
          <reporter-output>
          </reporter-output>
        </test-method> <!-- CountryEditTest -->
        <test-method signature="StateTest()[pri:2, instance:com.hrms.masters.tests.MastersGeographyTest@704deff2]" started-at="2023-02-24T15:46:18 IST" name="StateTest" finished-at="2023-02-24T15:46:58 IST" duration-ms="40158" status="FAIL">
          <exception class="org.openqa.selenium.NoSuchElementException">
            <message>
              <![CDATA[no such element: Unable to locate element: {"method":"xpath","selector":"//img[@src='resources/images/menu-icon-5.png']"}
  (Session info: chrome=110.0.5481.177)
For documentation on this error, please visit: https://selenium.dev/exceptions/#no_such_element
Build info: version: '4.7.2', revision: '4d4020c3b7'
System info: os.name: 'Windows 10', os.arch: 'amd64', os.version: '10.0', java.version: '11.0.9'
Driver info: org.openqa.selenium.chrome.ChromeDriver
Command: [9546af1fc5bdf74964e6d9a375057f3f, findElement {using=xpath, value=//img[@src='resources/images/menu-icon-5.png']}]
Capabilities {acceptInsecureCerts: false, browserName: chrome, browserVersion: 110.0.5481.177, chrome: {chromedriverVersion: 110.0.5481.77 (65ed616c6e8e..., userDataDir: C:\Users\angap\AppData\Loca...}, goog:chromeOptions: {debuggerAddress: localhost:65183}, networkConnectionEnabled: false, pageLoadStrategy: normal, platformName: WINDOWS, proxy: Proxy(), se:cdp: ws://localhost:65183/devtoo..., se:cdpVersion: 110.0.5481.177, setWindowRect: true, strictFileInteractability: false, timeouts: {implicit: 0, pageLoad: 300000, script: 30000}, unhandledPromptBehavior: dismiss and notify, webauthn:extension:credBlob: true, webauthn:extension:largeBlob: true, webauthn:virtualAuthenticators: true}
Session ID: 9546af1fc5bdf74964e6d9a375057f3f]]>
            </message>
            <full-stacktrace>
              <![CDATA[org.openqa.selenium.NoSuchElementException: no such element: Unable to locate element: {"method":"xpath","selector":"//img[@src='resources/images/menu-icon-5.png']"}
  (Session info: chrome=110.0.5481.177)
For documentation on this error, please visit: https://selenium.dev/exceptions/#no_such_element
Build info: version: '4.7.2', revision: '4d4020c3b7'
System info: os.name: 'Windows 10', os.arch: 'amd64', os.version: '10.0', java.version: '11.0.9'
Driver info: org.openqa.selenium.chrome.ChromeDriver
Command: [9546af1fc5bdf74964e6d9a375057f3f, findElement {using=xpath, value=//img[@src='resources/images/menu-icon-5.png']}]
Capabilities {acceptInsecureCerts: false, browserName: chrome, browserVersion: 110.0.5481.177, chrome: {chromedriverVersion: 110.0.5481.77 (65ed616c6e8e..., userDataDir: C:\Users\angap\AppData\Loca...}, goog:chromeOptions: {debuggerAddress: localhost:65183}, networkConnectionEnabled: false, pageLoadStrategy: normal, platformName: WINDOWS, proxy: Proxy(), se:cdp: ws://localhost:65183/devtoo..., se:cdpVersion: 110.0.5481.177, setWindowRect: true, strictFileInteractability: false, timeouts: {implicit: 0, pageLoad: 300000, script: 30000}, unhandledPromptBehavior: dismiss and notify, webauthn:extension:credBlob: true, webauthn:extension:largeBlob: true, webauthn:virtualAuthenticators: true}
Session ID: 9546af1fc5bdf74964e6d9a375057f3f
at java.base/jdk.internal.reflect.NativeConstructorAccessorImpl.newInstance0(Native Method)
at java.base/jdk.internal.reflect.NativeConstructorAccessorImpl.newInstance(NativeConstructorAccessorImpl.java:62)
at java.base/jdk.internal.reflect.DelegatingConstructorAccessorImpl.newInstance(DelegatingConstructorAccessorImpl.java:45)
at java.base/java.lang.reflect.Constructor.newInstance(Constructor.java:490)
at org.openqa.selenium.remote.codec.w3c.W3CHttpResponseCodec.createException(W3CHttpResponseCodec.java:200)
at org.openqa.selenium.remote.codec.w3c.W3CHttpResponseCodec.decode(W3CHttpResponseCodec.java:133)
at org.openqa.selenium.remote.codec.w3c.W3CHttpResponseCodec.decode(W3CHttpResponseCodec.java:53)
at org.openqa.selenium.remote.HttpCommandExecutor.execute(HttpCommandExecutor.java:184)
at org.openqa.selenium.remote.service.DriverCommandExecutor.invokeExecute(DriverCommandExecutor.java:167)
at org.openqa.selenium.remote.service.DriverCommandExecutor.execute(DriverCommandExecutor.java:142)
at org.openqa.selenium.remote.RemoteWebDriver.execute(RemoteWebDriver.java:535)
at org.openqa.selenium.remote.ElementLocation$ElementFinder$2.findElement(ElementLocation.java:162)
at org.openqa.selenium.remote.ElementLocation.findElement(ElementLocation.java:60)
at org.openqa.selenium.remote.RemoteWebDriver.findElement(RemoteWebDriver.java:351)
at org.openqa.selenium.remote.RemoteWebDriver.findElement(RemoteWebDriver.java:343)
at com.hrms.Utils.ElementUtils.getElement(ElementUtils.java:79)
at com.hrms.Utils.ElementUtils.doClick(ElementUtils.java:101)
at com.hrms.pageactions.masters.MastersGeography.StateCheck(MastersGeography.java:125)
at com.hrms.masters.tests.MastersGeographyTest.StateTest(MastersGeographyTest.java:33)
at java.base/jdk.internal.reflect.NativeMethodAccessorImpl.invoke0(Native Method)
at java.base/jdk.internal.reflect.NativeMethodAccessorImpl.invoke(NativeMethodAccessorImpl.java:62)
at java.base/jdk.internal.reflect.DelegatingMethodAccessorImpl.invoke(DelegatingMethodAccessorImpl.java:43)
at java.base/java.lang.reflect.Method.invoke(Method.java:566)
at org.testng.internal.MethodInvocationHelper.invokeMethod(MethodInvocationHelper.java:133)
at org.testng.internal.TestInvoker.invokeMethod(TestInvoker.java:598)
at org.testng.internal.TestInvoker.invokeTestMethod(TestInvoker.java:173)
at org.testng.internal.MethodRunner.runInSequence(MethodRunner.java:46)
at org.testng.internal.TestInvoker$MethodInvocationAgent.invoke(TestInvoker.java:824)
at org.testng.internal.TestInvoker.invokeTestMethods(TestInvoker.java:146)
at org.testng.internal.TestMethodWorker.invokeTestMethods(TestMethodWorker.java:146)
at org.testng.internal.TestMethodWorker.run(TestMethodWorker.java:128)
at java.base/java.util.concurrent.ThreadPoolExecutor.runWorker(ThreadPoolExecutor.java:1128)
at java.base/java.util.concurrent.ThreadPoolExecutor$Worker.run(ThreadPoolExecutor.java:628)
at java.base/java.lang.Thread.run(Thread.java:834)
]]>
            </full-stacktrace>
          </exception> <!-- org.openqa.selenium.NoSuchElementException -->
          <reporter-output>
          </reporter-output>
        </test-method> <!-- StateTest -->
        <test-method signature="StateEditTest()[pri:3, instance:com.hrms.masters.tests.MastersGeographyTest@704deff2]" started-at="2023-02-24T15:46:59 IST" name="StateEditTest" finished-at="2023-02-24T15:47:39 IST" duration-ms="40036" status="PASS">
          <reporter-output>
          </reporter-output>
        </test-method> <!-- StateEditTest -->
        <test-method signature="CityTest()[pri:4, instance:com.hrms.masters.tests.MastersGeographyTest@704deff2]" started-at="2023-02-24T15:47:39 IST" name="CityTest" finished-at="2023-02-24T15:48:19 IST" duration-ms="40293" status="FAIL">
          <exception class="org.openqa.selenium.NoSuchElementException">
            <message>
              <![CDATA[no such element: Unable to locate element: {"method":"xpath","selector":"//img[@src='resources/images/menu-icon-5.png']"}
  (Session info: chrome=110.0.5481.177)
For documentation on this error, please visit: https://selenium.dev/exceptions/#no_such_element
Build info: version: '4.7.2', revision: '4d4020c3b7'
System info: os.name: 'Windows 10', os.arch: 'amd64', os.version: '10.0', java.version: '11.0.9'
Driver info: org.openqa.selenium.chrome.ChromeDriver
Command: [9546af1fc5bdf74964e6d9a375057f3f, findElement {using=xpath, value=//img[@src='resources/images/menu-icon-5.png']}]
Capabilities {acceptInsecureCerts: false, browserName: chrome, browserVersion: 110.0.5481.177, chrome: {chromedriverVersion: 110.0.5481.77 (65ed616c6e8e..., userDataDir: C:\Users\angap\AppData\Loca...}, goog:chromeOptions: {debuggerAddress: localhost:65183}, networkConnectionEnabled: false, pageLoadStrategy: normal, platformName: WINDOWS, proxy: Proxy(), se:cdp: ws://localhost:65183/devtoo..., se:cdpVersion: 110.0.5481.177, setWindowRect: true, strictFileInteractability: false, timeouts: {implicit: 0, pageLoad: 300000, script: 30000}, unhandledPromptBehavior: dismiss and notify, webauthn:extension:credBlob: true, webauthn:extension:largeBlob: true, webauthn:virtualAuthenticators: true}
Session ID: 9546af1fc5bdf74964e6d9a375057f3f]]>
            </message>
            <full-stacktrace>
              <![CDATA[org.openqa.selenium.NoSuchElementException: no such element: Unable to locate element: {"method":"xpath","selector":"//img[@src='resources/images/menu-icon-5.png']"}
  (Session info: chrome=110.0.5481.177)
For documentation on this error, please visit: https://selenium.dev/exceptions/#no_such_element
Build info: version: '4.7.2', revision: '4d4020c3b7'
System info: os.name: 'Windows 10', os.arch: 'amd64', os.version: '10.0', java.version: '11.0.9'
Driver info: org.openqa.selenium.chrome.ChromeDriver
Command: [9546af1fc5bdf74964e6d9a375057f3f, findElement {using=xpath, value=//img[@src='resources/images/menu-icon-5.png']}]
Capabilities {acceptInsecureCerts: false, browserName: chrome, browserVersion: 110.0.5481.177, chrome: {chromedriverVersion: 110.0.5481.77 (65ed616c6e8e..., userDataDir: C:\Users\angap\AppData\Loca...}, goog:chromeOptions: {debuggerAddress: localhost:65183}, networkConnectionEnabled: false, pageLoadStrategy: normal, platformName: WINDOWS, proxy: Proxy(), se:cdp: ws://localhost:65183/devtoo..., se:cdpVersion: 110.0.5481.177, setWindowRect: true, strictFileInteractability: false, timeouts: {implicit: 0, pageLoad: 300000, script: 30000}, unhandledPromptBehavior: dismiss and notify, webauthn:extension:credBlob: true, webauthn:extension:largeBlob: true, webauthn:virtualAuthenticators: true}
Session ID: 9546af1fc5bdf74964e6d9a375057f3f
at java.base/jdk.internal.reflect.NativeConstructorAccessorImpl.newInstance0(Native Method)
at java.base/jdk.internal.reflect.NativeConstructorAccessorImpl.newInstance(NativeConstructorAccessorImpl.java:62)
at java.base/jdk.internal.reflect.DelegatingConstructorAccessorImpl.newInstance(DelegatingConstructorAccessorImpl.java:45)
at java.base/java.lang.reflect.Constructor.newInstance(Constructor.java:490)
at org.openqa.selenium.remote.codec.w3c.W3CHttpResponseCodec.createException(W3CHttpResponseCodec.java:200)
at org.openqa.selenium.remote.codec.w3c.W3CHttpResponseCodec.decode(W3CHttpResponseCodec.java:133)
at org.openqa.selenium.remote.codec.w3c.W3CHttpResponseCodec.decode(W3CHttpResponseCodec.java:53)
at org.openqa.selenium.remote.HttpCommandExecutor.execute(HttpCommandExecutor.java:184)
at org.openqa.selenium.remote.service.DriverCommandExecutor.invokeExecute(DriverCommandExecutor.java:167)
at org.openqa.selenium.remote.service.DriverCommandExecutor.execute(DriverCommandExecutor.java:142)
at org.openqa.selenium.remote.RemoteWebDriver.execute(RemoteWebDriver.java:535)
at org.openqa.selenium.remote.ElementLocation$ElementFinder$2.findElement(ElementLocation.java:162)
at org.openqa.selenium.remote.ElementLocation.findElement(ElementLocation.java:60)
at org.openqa.selenium.remote.RemoteWebDriver.findElement(RemoteWebDriver.java:351)
at org.openqa.selenium.remote.RemoteWebDriver.findElement(RemoteWebDriver.java:343)
at com.hrms.Utils.ElementUtils.getElement(ElementUtils.java:79)
at com.hrms.Utils.ElementUtils.doClick(ElementUtils.java:101)
at com.hrms.pageactions.masters.MastersGeography.CityCheck(MastersGeography.java:216)
at com.hrms.masters.tests.MastersGeographyTest.CityTest(MastersGeographyTest.java:45)
at java.base/jdk.internal.reflect.NativeMethodAccessorImpl.invoke0(Native Method)
at java.base/jdk.internal.reflect.NativeMethodAccessorImpl.invoke(NativeMethodAccessorImpl.java:62)
at java.base/jdk.internal.reflect.DelegatingMethodAccessorImpl.invoke(DelegatingMethodAccessorImpl.java:43)
at java.base/java.lang.reflect.Method.invoke(Method.java:566)
at org.testng.internal.MethodInvocationHelper.invokeMethod(MethodInvocationHelper.java:133)
at org.testng.internal.TestInvoker.invokeMethod(TestInvoker.java:598)
at org.testng.internal.TestInvoker.invokeTestMethod(TestInvoker.java:173)
at org.testng.internal.MethodRunner.runInSequence(MethodRunner.java:46)
at org.testng.internal.TestInvoker$MethodInvocationAgent.invoke(TestInvoker.java:824)
at org.testng.internal.TestInvoker.invokeTestMethods(TestInvoker.java:146)
at org.testng.internal.TestMethodWorker.invokeTestMethods(TestMethodWorker.java:146)
at org.testng.internal.TestMethodWorker.run(TestMethodWorker.java:128)
at java.base/java.util.concurrent.ThreadPoolExecutor.runWorker(ThreadPoolExecutor.java:1128)
at java.base/java.util.concurrent.ThreadPoolExecutor$Worker.run(ThreadPoolExecutor.java:628)
at java.base/java.lang.Thread.run(Thread.java:834)
]]>
            </full-stacktrace>
          </exception> <!-- org.openqa.selenium.NoSuchElementException -->
          <reporter-output>
          </reporter-output>
        </test-method> <!-- CityTest -->
        <test-method signature="CityEditTest()[pri:5, instance:com.hrms.masters.tests.MastersGeographyTest@704deff2]" started-at="2023-02-24T15:48:20 IST" name="CityEditTest" finished-at="2023-02-24T15:49:00 IST" duration-ms="39961" status="PASS">
          <reporter-output>
          </reporter-output>
        </test-method> <!-- CityEditTest -->
        <test-method signature="AreaTest()[pri:6, instance:com.hrms.masters.tests.MastersGeographyTest@704deff2]" started-at="2023-02-24T15:49:00 IST" name="AreaTest" finished-at="2023-02-24T15:49:40 IST" duration-ms="40114" status="FAIL">
          <exception class="org.openqa.selenium.NoSuchElementException">
            <message>
              <![CDATA[no such element: Unable to locate element: {"method":"xpath","selector":"//img[@src='resources/images/menu-icon-5.png']"}
  (Session info: chrome=110.0.5481.177)
For documentation on this error, please visit: https://selenium.dev/exceptions/#no_such_element
Build info: version: '4.7.2', revision: '4d4020c3b7'
System info: os.name: 'Windows 10', os.arch: 'amd64', os.version: '10.0', java.version: '11.0.9'
Driver info: org.openqa.selenium.chrome.ChromeDriver
Command: [9546af1fc5bdf74964e6d9a375057f3f, findElement {using=xpath, value=//img[@src='resources/images/menu-icon-5.png']}]
Capabilities {acceptInsecureCerts: false, browserName: chrome, browserVersion: 110.0.5481.177, chrome: {chromedriverVersion: 110.0.5481.77 (65ed616c6e8e..., userDataDir: C:\Users\angap\AppData\Loca...}, goog:chromeOptions: {debuggerAddress: localhost:65183}, networkConnectionEnabled: false, pageLoadStrategy: normal, platformName: WINDOWS, proxy: Proxy(), se:cdp: ws://localhost:65183/devtoo..., se:cdpVersion: 110.0.5481.177, setWindowRect: true, strictFileInteractability: false, timeouts: {implicit: 0, pageLoad: 300000, script: 30000}, unhandledPromptBehavior: dismiss and notify, webauthn:extension:credBlob: true, webauthn:extension:largeBlob: true, webauthn:virtualAuthenticators: true}
Session ID: 9546af1fc5bdf74964e6d9a375057f3f]]>
            </message>
            <full-stacktrace>
              <![CDATA[org.openqa.selenium.NoSuchElementException: no such element: Unable to locate element: {"method":"xpath","selector":"//img[@src='resources/images/menu-icon-5.png']"}
  (Session info: chrome=110.0.5481.177)
For documentation on this error, please visit: https://selenium.dev/exceptions/#no_such_element
Build info: version: '4.7.2', revision: '4d4020c3b7'
System info: os.name: 'Windows 10', os.arch: 'amd64', os.version: '10.0', java.version: '11.0.9'
Driver info: org.openqa.selenium.chrome.ChromeDriver
Command: [9546af1fc5bdf74964e6d9a375057f3f, findElement {using=xpath, value=//img[@src='resources/images/menu-icon-5.png']}]
Capabilities {acceptInsecureCerts: false, browserName: chrome, browserVersion: 110.0.5481.177, chrome: {chromedriverVersion: 110.0.5481.77 (65ed616c6e8e..., userDataDir: C:\Users\angap\AppData\Loca...}, goog:chromeOptions: {debuggerAddress: localhost:65183}, networkConnectionEnabled: false, pageLoadStrategy: normal, platformName: WINDOWS, proxy: Proxy(), se:cdp: ws://localhost:65183/devtoo..., se:cdpVersion: 110.0.5481.177, setWindowRect: true, strictFileInteractability: false, timeouts: {implicit: 0, pageLoad: 300000, script: 30000}, unhandledPromptBehavior: dismiss and notify, webauthn:extension:credBlob: true, webauthn:extension:largeBlob: true, webauthn:virtualAuthenticators: true}
Session ID: 9546af1fc5bdf74964e6d9a375057f3f
at java.base/jdk.internal.reflect.NativeConstructorAccessorImpl.newInstance0(Native Method)
at java.base/jdk.internal.reflect.NativeConstructorAccessorImpl.newInstance(NativeConstructorAccessorImpl.java:62)
at java.base/jdk.internal.reflect.DelegatingConstructorAccessorImpl.newInstance(DelegatingConstructorAccessorImpl.java:45)
at java.base/java.lang.reflect.Constructor.newInstance(Constructor.java:490)
at org.openqa.selenium.remote.codec.w3c.W3CHttpResponseCodec.createException(W3CHttpResponseCodec.java:200)
at org.openqa.selenium.remote.codec.w3c.W3CHttpResponseCodec.decode(W3CHttpResponseCodec.java:133)
at org.openqa.selenium.remote.codec.w3c.W3CHttpResponseCodec.decode(W3CHttpResponseCodec.java:53)
at org.openqa.selenium.remote.HttpCommandExecutor.execute(HttpCommandExecutor.java:184)
at org.openqa.selenium.remote.service.DriverCommandExecutor.invokeExecute(DriverCommandExecutor.java:167)
at org.openqa.selenium.remote.service.DriverCommandExecutor.execute(DriverCommandExecutor.java:142)
at org.openqa.selenium.remote.RemoteWebDriver.execute(RemoteWebDriver.java:535)
at org.openqa.selenium.remote.ElementLocation$ElementFinder$2.findElement(ElementLocation.java:162)
at org.openqa.selenium.remote.ElementLocation.findElement(ElementLocation.java:60)
at org.openqa.selenium.remote.RemoteWebDriver.findElement(RemoteWebDriver.java:351)
at org.openqa.selenium.remote.RemoteWebDriver.findElement(RemoteWebDriver.java:343)
at com.hrms.Utils.ElementUtils.getElement(ElementUtils.java:79)
at com.hrms.Utils.ElementUtils.doClick(ElementUtils.java:101)
at com.hrms.pageactions.masters.MastersGeography.AreaCheck(MastersGeography.java:351)
at com.hrms.masters.tests.MastersGeographyTest.AreaTest(MastersGeographyTest.java:58)
at java.base/jdk.internal.reflect.NativeMethodAccessorImpl.invoke0(Native Method)
at java.base/jdk.internal.reflect.NativeMethodAccessorImpl.invoke(NativeMethodAccessorImpl.java:62)
at java.base/jdk.internal.reflect.DelegatingMethodAccessorImpl.invoke(DelegatingMethodAccessorImpl.java:43)
at java.base/java.lang.reflect.Method.invoke(Method.java:566)
at org.testng.internal.MethodInvocationHelper.invokeMethod(MethodInvocationHelper.java:133)
at org.testng.internal.TestInvoker.invokeMethod(TestInvoker.java:598)
at org.testng.internal.TestInvoker.invokeTestMethod(TestInvoker.java:173)
at org.testng.internal.MethodRunner.runInSequence(MethodRunner.java:46)
at org.testng.internal.TestInvoker$MethodInvocationAgent.invoke(TestInvoker.java:824)
at org.testng.internal.TestInvoker.invokeTestMethods(TestInvoker.java:146)
at org.testng.internal.TestMethodWorker.invokeTestMethods(TestMethodWorker.java:146)
at org.testng.internal.TestMethodWorker.run(TestMethodWorker.java:128)
at java.base/java.util.concurrent.ThreadPoolExecutor.runWorker(ThreadPoolExecutor.java:1128)
at java.base/java.util.concurrent.ThreadPoolExecutor$Worker.run(ThreadPoolExecutor.java:628)
at java.base/java.lang.Thread.run(Thread.java:834)
]]>
            </full-stacktrace>
          </exception> <!-- org.openqa.selenium.NoSuchElementException -->
          <reporter-output>
          </reporter-output>
        </test-method> <!-- AreaTest -->
        <test-method signature="AreaEditTest()[pri:7, instance:com.hrms.masters.tests.MastersGeographyTest@704deff2]" started-at="2023-02-24T15:49:40 IST" name="AreaEditTest" finished-at="2023-02-24T15:50:00 IST" duration-ms="20244" status="PASS">
          <reporter-output>
          </reporter-output>
        </test-method> <!-- AreaEditTest -->
        <test-method signature="WorklocationTest()[pri:8, instance:com.hrms.masters.tests.MastersGeographyTest@704deff2]" started-at="2023-02-24T15:50:00 IST" name="WorklocationTest" finished-at="2023-02-24T15:50:04 IST" duration-ms="3965" status="FAIL">
          <exception class="org.openqa.selenium.ElementClickInterceptedException">
            <message>
              <![CDATA[element click intercepted: Element <img src="resources/images/menu-icon-5.png" alt="" onclick="dis_vertSecond('master')"> is not clickable at point (25, 531). Other element would receive the click: <div class="blockUI blockOverlay" style="z-index: 1000; border: none; margin: 0px; padding: 0px; width: 100%; height: 100%; top: 0px; left: 0px; background-color: rgb(0, 0, 0); opacity: 0.207295; cursor: wait; position: fixed;"></div>
  (Session info: chrome=110.0.5481.177)
Build info: version: '4.7.2', revision: '4d4020c3b7'
System info: os.name: 'Windows 10', os.arch: 'amd64', os.version: '10.0', java.version: '11.0.9'
Driver info: org.openqa.selenium.chrome.ChromeDriver
Command: [9546af1fc5bdf74964e6d9a375057f3f, clickElement {id=4fbdf84e-af4a-4717-b67a-303c06e3b207}]
Capabilities {acceptInsecureCerts: false, browserName: chrome, browserVersion: 110.0.5481.177, chrome: {chromedriverVersion: 110.0.5481.77 (65ed616c6e8e..., userDataDir: C:\Users\angap\AppData\Loca...}, goog:chromeOptions: {debuggerAddress: localhost:65183}, networkConnectionEnabled: false, pageLoadStrategy: normal, platformName: WINDOWS, proxy: Proxy(), se:cdp: ws://localhost:65183/devtoo..., se:cdpVersion: 110.0.5481.177, setWindowRect: true, strictFileInteractability: false, timeouts: {implicit: 0, pageLoad: 300000, script: 30000}, unhandledPromptBehavior: dismiss and notify, webauthn:extension:credBlob: true, webauthn:extension:largeBlob: true, webauthn:virtualAuthenticators: true}
Element: [[ChromeDriver: chrome on WINDOWS (9546af1fc5bdf74964e6d9a375057f3f)] -> xpath: //img[@src='resources/images/menu-icon-5.png']]
Session ID: 9546af1fc5bdf74964e6d9a375057f3f]]>
            </message>
            <full-stacktrace>
              <![CDATA[org.openqa.selenium.ElementClickInterceptedException: element click intercepted: Element <img src="resources/images/menu-icon-5.png" alt="" onclick="dis_vertSecond('master')"> is not clickable at point (25, 531). Other element would receive the click: <div class="blockUI blockOverlay" style="z-index: 1000; border: none; margin: 0px; padding: 0px; width: 100%; height: 100%; top: 0px; left: 0px; background-color: rgb(0, 0, 0); opacity: 0.207295; cursor: wait; position: fixed;"></div>
  (Session info: chrome=110.0.5481.177)
Build info: version: '4.7.2', revision: '4d4020c3b7'
System info: os.name: 'Windows 10', os.arch: 'amd64', os.version: '10.0', java.version: '11.0.9'
Driver info: org.openqa.selenium.chrome.ChromeDriver
Command: [9546af1fc5bdf74964e6d9a375057f3f, clickElement {id=4fbdf84e-af4a-4717-b67a-303c06e3b207}]
Capabilities {acceptInsecureCerts: false, browserName: chrome, browserVersion: 110.0.5481.177, chrome: {chromedriverVersion: 110.0.5481.77 (65ed616c6e8e..., userDataDir: C:\Users\angap\AppData\Loca...}, goog:chromeOptions: {debuggerAddress: localhost:65183}, networkConnectionEnabled: false, pageLoadStrategy: normal, platformName: WINDOWS, proxy: Proxy(), se:cdp: ws://localhost:65183/devtoo..., se:cdpVersion: 110.0.5481.177, setWindowRect: true, strictFileInteractability: false, timeouts: {implicit: 0, pageLoad: 300000, script: 30000}, unhandledPromptBehavior: dismiss and notify, webauthn:extension:credBlob: true, webauthn:extension:largeBlob: true, webauthn:virtualAuthenticators: true}
Element: [[ChromeDriver: chrome on WINDOWS (9546af1fc5bdf74964e6d9a375057f3f)] -> xpath: //img[@src='resources/images/menu-icon-5.png']]
Session ID: 9546af1fc5bdf74964e6d9a375057f3f
at java.base/jdk.internal.reflect.NativeConstructorAccessorImpl.newInstance0(Native Method)
at java.base/jdk.internal.reflect.NativeConstructorAccessorImpl.newInstance(NativeConstructorAccessorImpl.java:62)
at java.base/jdk.internal.reflect.DelegatingConstructorAccessorImpl.newInstance(DelegatingConstructorAccessorImpl.java:45)
at java.base/java.lang.reflect.Constructor.newInstance(Constructor.java:490)
at org.openqa.selenium.remote.codec.w3c.W3CHttpResponseCodec.createException(W3CHttpResponseCodec.java:200)
at org.openqa.selenium.remote.codec.w3c.W3CHttpResponseCodec.decode(W3CHttpResponseCodec.java:133)
at org.openqa.selenium.remote.codec.w3c.W3CHttpResponseCodec.decode(W3CHttpResponseCodec.java:53)
at org.openqa.selenium.remote.HttpCommandExecutor.execute(HttpCommandExecutor.java:184)
at org.openqa.selenium.remote.service.DriverCommandExecutor.invokeExecute(DriverCommandExecutor.java:167)
at org.openqa.selenium.remote.service.DriverCommandExecutor.execute(DriverCommandExecutor.java:142)
at org.openqa.selenium.remote.RemoteWebDriver.execute(RemoteWebDriver.java:535)
at org.openqa.selenium.remote.RemoteWebElement.execute(RemoteWebElement.java:257)
at org.openqa.selenium.remote.RemoteWebElement.click(RemoteWebElement.java:78)
at com.hrms.Utils.ElementUtils.doClick(ElementUtils.java:101)
at com.hrms.pageactions.masters.MastersGeography.WorklocationCheck(MastersGeography.java:483)
at com.hrms.masters.tests.MastersGeographyTest.WorklocationTest(MastersGeographyTest.java:70)
at java.base/jdk.internal.reflect.NativeMethodAccessorImpl.invoke0(Native Method)
at java.base/jdk.internal.reflect.NativeMethodAccessorImpl.invoke(NativeMethodAccessorImpl.java:62)
at java.base/jdk.internal.reflect.DelegatingMethodAccessorImpl.invoke(DelegatingMethodAccessorImpl.java:43)
at java.base/java.lang.reflect.Method.invoke(Method.java:566)
at org.testng.internal.MethodInvocationHelper.invokeMethod(MethodInvocationHelper.java:133)
at org.testng.internal.TestInvoker.invokeMethod(TestInvoker.java:598)
at org.testng.internal.TestInvoker.invokeTestMethod(TestInvoker.java:173)
at org.testng.internal.MethodRunner.runInSequence(MethodRunner.java:46)
at org.testng.internal.TestInvoker$MethodInvocationAgent.invoke(TestInvoker.java:824)
at org.testng.internal.TestInvoker.invokeTestMethods(TestInvoker.java:146)
at org.testng.internal.TestMethodWorker.invokeTestMethods(TestMethodWorker.java:146)
at org.testng.internal.TestMethodWorker.run(TestMethodWorker.java:128)
at java.base/java.util.concurrent.ThreadPoolExecutor.runWorker(ThreadPoolExecutor.java:1128)
at java.base/java.util.concurrent.ThreadPoolExecutor$Worker.run(ThreadPoolExecutor.java:628)
at java.base/java.lang.Thread.run(Thread.java:834)
]]>
            </full-stacktrace>
          </exception> <!-- org.openqa.selenium.ElementClickInterceptedException -->
          <reporter-output>
          </reporter-output>
        </test-method> <!-- WorklocationTest -->
        <test-method signature="WorklocationEditTest()[pri:9, instance:com.hrms.masters.tests.MastersGeographyTest@704deff2]" started-at="2023-02-24T15:50:05 IST" name="WorklocationEditTest" finished-at="2023-02-24T15:50:09 IST" duration-ms="4128" status="PASS">
          <reporter-output>
          </reporter-output>
        </test-method> <!-- WorklocationEditTest -->
        <test-method is-config="true" signature="tearDown()[pri:0, instance:com.hrms.masters.tests.MastersGeographyTest@704deff2]" started-at="2023-02-24T15:50:09 IST" name="tearDown" finished-at="2023-02-24T15:50:11 IST" duration-ms="1918" status="PASS">
          <reporter-output>
          </reporter-output>
        </test-method> <!-- tearDown -->
      </class> <!-- com.hrms.masters.tests.MastersGeographyTest -->
      <class name="com.hrms.masters.tests.MastersEducationTest">
        <test-method is-config="true" signature="setup()[pri:0, instance:com.hrms.masters.tests.MastersEducationTest@4b34fff9]" started-at="2023-02-24T15:42:49 IST" name="setup" finished-at="2023-02-24T15:43:59 IST" duration-ms="69412" status="PASS">
          <reporter-output>
          </reporter-output>
        </test-method> <!-- setup -->
        <test-method is-config="true" signature="login()[pri:0, instance:com.hrms.masters.tests.MastersEducationTest@4b34fff9]" started-at="2023-02-24T15:43:59 IST" name="login" finished-at="2023-02-24T15:45:31 IST" duration-ms="91865" status="PASS">
          <reporter-output>
          </reporter-output>
        </test-method> <!-- login -->
        <test-method signature="QualificationTest()[pri:0, instance:com.hrms.masters.tests.MastersEducationTest@4b34fff9]" started-at="2023-02-24T15:45:31 IST" name="QualificationTest" finished-at="2023-02-24T15:45:58 IST" duration-ms="27214" status="FAIL">
          <exception class="org.openqa.selenium.NoSuchElementException">
            <message>
              <![CDATA[no such element: Unable to locate element: {"method":"xpath","selector":"//img[@src='resources/images/menu-icon-5.png']"}
  (Session info: chrome=110.0.5481.177)
For documentation on this error, please visit: https://selenium.dev/exceptions/#no_such_element
Build info: version: '4.7.2', revision: '4d4020c3b7'
System info: os.name: 'Windows 10', os.arch: 'amd64', os.version: '10.0', java.version: '11.0.9'
Driver info: org.openqa.selenium.chrome.ChromeDriver
Command: [9546af1fc5bdf74964e6d9a375057f3f, findElement {using=xpath, value=//img[@src='resources/images/menu-icon-5.png']}]
Capabilities {acceptInsecureCerts: false, browserName: chrome, browserVersion: 110.0.5481.177, chrome: {chromedriverVersion: 110.0.5481.77 (65ed616c6e8e..., userDataDir: C:\Users\angap\AppData\Loca...}, goog:chromeOptions: {debuggerAddress: localhost:65183}, networkConnectionEnabled: false, pageLoadStrategy: normal, platformName: WINDOWS, proxy: Proxy(), se:cdp: ws://localhost:65183/devtoo..., se:cdpVersion: 110.0.5481.177, setWindowRect: true, strictFileInteractability: false, timeouts: {implicit: 0, pageLoad: 300000, script: 30000}, unhandledPromptBehavior: dismiss and notify, webauthn:extension:credBlob: true, webauthn:extension:largeBlob: true, webauthn:virtualAuthenticators: true}
Session ID: 9546af1fc5bdf74964e6d9a375057f3f]]>
            </message>
            <full-stacktrace>
              <![CDATA[org.openqa.selenium.NoSuchElementException: no such element: Unable to locate element: {"method":"xpath","selector":"//img[@src='resources/images/menu-icon-5.png']"}
  (Session info: chrome=110.0.5481.177)
For documentation on this error, please visit: https://selenium.dev/exceptions/#no_such_element
Build info: version: '4.7.2', revision: '4d4020c3b7'
System info: os.name: 'Windows 10', os.arch: 'amd64', os.version: '10.0', java.version: '11.0.9'
Driver info: org.openqa.selenium.chrome.ChromeDriver
Command: [9546af1fc5bdf74964e6d9a375057f3f, findElement {using=xpath, value=//img[@src='resources/images/menu-icon-5.png']}]
Capabilities {acceptInsecureCerts: false, browserName: chrome, browserVersion: 110.0.5481.177, chrome: {chromedriverVersion: 110.0.5481.77 (65ed616c6e8e..., userDataDir: C:\Users\angap\AppData\Loca...}, goog:chromeOptions: {debuggerAddress: localhost:65183}, networkConnectionEnabled: false, pageLoadStrategy: normal, platformName: WINDOWS, proxy: Proxy(), se:cdp: ws://localhost:65183/devtoo..., se:cdpVersion: 110.0.5481.177, setWindowRect: true, strictFileInteractability: false, timeouts: {implicit: 0, pageLoad: 300000, script: 30000}, unhandledPromptBehavior: dismiss and notify, webauthn:extension:credBlob: true, webauthn:extension:largeBlob: true, webauthn:virtualAuthenticators: true}
Session ID: 9546af1fc5bdf74964e6d9a375057f3f
at java.base/jdk.internal.reflect.NativeConstructorAccessorImpl.newInstance0(Native Method)
at java.base/jdk.internal.reflect.NativeConstructorAccessorImpl.newInstance(NativeConstructorAccessorImpl.java:62)
at java.base/jdk.internal.reflect.DelegatingConstructorAccessorImpl.newInstance(DelegatingConstructorAccessorImpl.java:45)
at java.base/java.lang.reflect.Constructor.newInstance(Constructor.java:490)
at org.openqa.selenium.remote.codec.w3c.W3CHttpResponseCodec.createException(W3CHttpResponseCodec.java:200)
at org.openqa.selenium.remote.codec.w3c.W3CHttpResponseCodec.decode(W3CHttpResponseCodec.java:133)
at org.openqa.selenium.remote.codec.w3c.W3CHttpResponseCodec.decode(W3CHttpResponseCodec.java:53)
at org.openqa.selenium.remote.HttpCommandExecutor.execute(HttpCommandExecutor.java:184)
at org.openqa.selenium.remote.service.DriverCommandExecutor.invokeExecute(DriverCommandExecutor.java:167)
at org.openqa.selenium.remote.service.DriverCommandExecutor.execute(DriverCommandExecutor.java:142)
at org.openqa.selenium.remote.RemoteWebDriver.execute(RemoteWebDriver.java:535)
at org.openqa.selenium.remote.ElementLocation$ElementFinder$2.findElement(ElementLocation.java:162)
at org.openqa.selenium.remote.ElementLocation.findElement(ElementLocation.java:60)
at org.openqa.selenium.remote.RemoteWebDriver.findElement(RemoteWebDriver.java:351)
at org.openqa.selenium.remote.RemoteWebDriver.findElement(RemoteWebDriver.java:343)
at com.hrms.Utils.ElementUtils.getElement(ElementUtils.java:79)
at com.hrms.Utils.ElementUtils.doClick(ElementUtils.java:101)
at com.hrms.pageactions.masters.MastersEducation.QualificationCheck(MastersEducation.java:33)
at com.hrms.masters.tests.MastersEducationTest.QualificationTest(MastersEducationTest.java:18)
at java.base/jdk.internal.reflect.NativeMethodAccessorImpl.invoke0(Native Method)
at java.base/jdk.internal.reflect.NativeMethodAccessorImpl.invoke(NativeMethodAccessorImpl.java:62)
at java.base/jdk.internal.reflect.DelegatingMethodAccessorImpl.invoke(DelegatingMethodAccessorImpl.java:43)
at java.base/java.lang.reflect.Method.invoke(Method.java:566)
at org.testng.internal.MethodInvocationHelper.invokeMethod(MethodInvocationHelper.java:133)
at org.testng.internal.TestInvoker.invokeMethod(TestInvoker.java:598)
at org.testng.internal.TestInvoker.invokeTestMethod(TestInvoker.java:173)
at org.testng.internal.MethodRunner.runInSequence(MethodRunner.java:46)
at org.testng.internal.TestInvoker$MethodInvocationAgent.invoke(TestInvoker.java:824)
at org.testng.internal.TestInvoker.invokeTestMethods(TestInvoker.java:146)
at org.testng.internal.TestMethodWorker.invokeTestMethods(TestMethodWorker.java:146)
at org.testng.internal.TestMethodWorker.run(TestMethodWorker.java:128)
at java.base/java.util.concurrent.ThreadPoolExecutor.runWorker(ThreadPoolExecutor.java:1128)
at java.base/java.util.concurrent.ThreadPoolExecutor$Worker.run(ThreadPoolExecutor.java:628)
at java.base/java.lang.Thread.run(Thread.java:834)
]]>
            </full-stacktrace>
          </exception> <!-- org.openqa.selenium.NoSuchElementException -->
          <reporter-output>
          </reporter-output>
        </test-method> <!-- QualificationTest -->
        <test-method signature="QualificationEditTest()[pri:1, instance:com.hrms.masters.tests.MastersEducationTest@4b34fff9]" started-at="2023-02-24T15:45:58 IST" name="QualificationEditTest" finished-at="2023-02-24T15:46:38 IST" duration-ms="39989" status="PASS">
          <reporter-output>
          </reporter-output>
        </test-method> <!-- QualificationEditTest -->
        <test-method signature="DegreeTest()[pri:2, instance:com.hrms.masters.tests.MastersEducationTest@4b34fff9]" started-at="2023-02-24T15:46:38 IST" name="DegreeTest" finished-at="2023-02-24T15:47:19 IST" duration-ms="40390" status="FAIL">
          <exception class="org.openqa.selenium.NoSuchElementException">
            <message>
              <![CDATA[no such element: Unable to locate element: {"method":"xpath","selector":"//img[@src='resources/images/menu-icon-5.png']"}
  (Session info: chrome=110.0.5481.177)
For documentation on this error, please visit: https://selenium.dev/exceptions/#no_such_element
Build info: version: '4.7.2', revision: '4d4020c3b7'
System info: os.name: 'Windows 10', os.arch: 'amd64', os.version: '10.0', java.version: '11.0.9'
Driver info: org.openqa.selenium.chrome.ChromeDriver
Command: [9546af1fc5bdf74964e6d9a375057f3f, findElement {using=xpath, value=//img[@src='resources/images/menu-icon-5.png']}]
Capabilities {acceptInsecureCerts: false, browserName: chrome, browserVersion: 110.0.5481.177, chrome: {chromedriverVersion: 110.0.5481.77 (65ed616c6e8e..., userDataDir: C:\Users\angap\AppData\Loca...}, goog:chromeOptions: {debuggerAddress: localhost:65183}, networkConnectionEnabled: false, pageLoadStrategy: normal, platformName: WINDOWS, proxy: Proxy(), se:cdp: ws://localhost:65183/devtoo..., se:cdpVersion: 110.0.5481.177, setWindowRect: true, strictFileInteractability: false, timeouts: {implicit: 0, pageLoad: 300000, script: 30000}, unhandledPromptBehavior: dismiss and notify, webauthn:extension:credBlob: true, webauthn:extension:largeBlob: true, webauthn:virtualAuthenticators: true}
Session ID: 9546af1fc5bdf74964e6d9a375057f3f]]>
            </message>
            <full-stacktrace>
              <![CDATA[org.openqa.selenium.NoSuchElementException: no such element: Unable to locate element: {"method":"xpath","selector":"//img[@src='resources/images/menu-icon-5.png']"}
  (Session info: chrome=110.0.5481.177)
For documentation on this error, please visit: https://selenium.dev/exceptions/#no_such_element
Build info: version: '4.7.2', revision: '4d4020c3b7'
System info: os.name: 'Windows 10', os.arch: 'amd64', os.version: '10.0', java.version: '11.0.9'
Driver info: org.openqa.selenium.chrome.ChromeDriver
Command: [9546af1fc5bdf74964e6d9a375057f3f, findElement {using=xpath, value=//img[@src='resources/images/menu-icon-5.png']}]
Capabilities {acceptInsecureCerts: false, browserName: chrome, browserVersion: 110.0.5481.177, chrome: {chromedriverVersion: 110.0.5481.77 (65ed616c6e8e..., userDataDir: C:\Users\angap\AppData\Loca...}, goog:chromeOptions: {debuggerAddress: localhost:65183}, networkConnectionEnabled: false, pageLoadStrategy: normal, platformName: WINDOWS, proxy: Proxy(), se:cdp: ws://localhost:65183/devtoo..., se:cdpVersion: 110.0.5481.177, setWindowRect: true, strictFileInteractability: false, timeouts: {implicit: 0, pageLoad: 300000, script: 30000}, unhandledPromptBehavior: dismiss and notify, webauthn:extension:credBlob: true, webauthn:extension:largeBlob: true, webauthn:virtualAuthenticators: true}
Session ID: 9546af1fc5bdf74964e6d9a375057f3f
at java.base/jdk.internal.reflect.NativeConstructorAccessorImpl.newInstance0(Native Method)
at java.base/jdk.internal.reflect.NativeConstructorAccessorImpl.newInstance(NativeConstructorAccessorImpl.java:62)
at java.base/jdk.internal.reflect.DelegatingConstructorAccessorImpl.newInstance(DelegatingConstructorAccessorImpl.java:45)
at java.base/java.lang.reflect.Constructor.newInstance(Constructor.java:490)
at org.openqa.selenium.remote.codec.w3c.W3CHttpResponseCodec.createException(W3CHttpResponseCodec.java:200)
at org.openqa.selenium.remote.codec.w3c.W3CHttpResponseCodec.decode(W3CHttpResponseCodec.java:133)
at org.openqa.selenium.remote.codec.w3c.W3CHttpResponseCodec.decode(W3CHttpResponseCodec.java:53)
at org.openqa.selenium.remote.HttpCommandExecutor.execute(HttpCommandExecutor.java:184)
at org.openqa.selenium.remote.service.DriverCommandExecutor.invokeExecute(DriverCommandExecutor.java:167)
at org.openqa.selenium.remote.service.DriverCommandExecutor.execute(DriverCommandExecutor.java:142)
at org.openqa.selenium.remote.RemoteWebDriver.execute(RemoteWebDriver.java:535)
at org.openqa.selenium.remote.ElementLocation$ElementFinder$2.findElement(ElementLocation.java:162)
at org.openqa.selenium.remote.ElementLocation.findElement(ElementLocation.java:60)
at org.openqa.selenium.remote.RemoteWebDriver.findElement(RemoteWebDriver.java:351)
at org.openqa.selenium.remote.RemoteWebDriver.findElement(RemoteWebDriver.java:343)
at com.hrms.Utils.ElementUtils.getElement(ElementUtils.java:79)
at com.hrms.Utils.ElementUtils.doClick(ElementUtils.java:101)
at com.hrms.pageactions.masters.MastersEducation.DegreeCheck(MastersEducation.java:123)
at com.hrms.masters.tests.MastersEducationTest.DegreeTest(MastersEducationTest.java:30)
at java.base/jdk.internal.reflect.NativeMethodAccessorImpl.invoke0(Native Method)
at java.base/jdk.internal.reflect.NativeMethodAccessorImpl.invoke(NativeMethodAccessorImpl.java:62)
at java.base/jdk.internal.reflect.DelegatingMethodAccessorImpl.invoke(DelegatingMethodAccessorImpl.java:43)
at java.base/java.lang.reflect.Method.invoke(Method.java:566)
at org.testng.internal.MethodInvocationHelper.invokeMethod(MethodInvocationHelper.java:133)
at org.testng.internal.TestInvoker.invokeMethod(TestInvoker.java:598)
at org.testng.internal.TestInvoker.invokeTestMethod(TestInvoker.java:173)
at org.testng.internal.MethodRunner.runInSequence(MethodRunner.java:46)
at org.testng.internal.TestInvoker$MethodInvocationAgent.invoke(TestInvoker.java:824)
at org.testng.internal.TestInvoker.invokeTestMethods(TestInvoker.java:146)
at org.testng.internal.TestMethodWorker.invokeTestMethods(TestMethodWorker.java:146)
at org.testng.internal.TestMethodWorker.run(TestMethodWorker.java:128)
at java.base/java.util.concurrent.ThreadPoolExecutor.runWorker(ThreadPoolExecutor.java:1128)
at java.base/java.util.concurrent.ThreadPoolExecutor$Worker.run(ThreadPoolExecutor.java:628)
at java.base/java.lang.Thread.run(Thread.java:834)
]]>
            </full-stacktrace>
          </exception> <!-- org.openqa.selenium.NoSuchElementException -->
          <reporter-output>
          </reporter-output>
        </test-method> <!-- DegreeTest -->
        <test-method signature="DegreeEditTest()[pri:3, instance:com.hrms.masters.tests.MastersEducationTest@4b34fff9]" started-at="2023-02-24T15:47:19 IST" name="DegreeEditTest" finished-at="2023-02-24T15:47:59 IST" duration-ms="39881" status="PASS">
          <reporter-output>
          </reporter-output>
        </test-method> <!-- DegreeEditTest -->
        <test-method signature="CourseTest()[pri:4, instance:com.hrms.masters.tests.MastersEducationTest@4b34fff9]" started-at="2023-02-24T15:47:59 IST" name="CourseTest" finished-at="2023-02-24T15:48:39 IST" duration-ms="40213" status="FAIL">
          <exception class="org.openqa.selenium.NoSuchElementException">
            <message>
              <![CDATA[no such element: Unable to locate element: {"method":"xpath","selector":"//img[@src='resources/images/menu-icon-5.png']"}
  (Session info: chrome=110.0.5481.177)
For documentation on this error, please visit: https://selenium.dev/exceptions/#no_such_element
Build info: version: '4.7.2', revision: '4d4020c3b7'
System info: os.name: 'Windows 10', os.arch: 'amd64', os.version: '10.0', java.version: '11.0.9'
Driver info: org.openqa.selenium.chrome.ChromeDriver
Command: [9546af1fc5bdf74964e6d9a375057f3f, findElement {using=xpath, value=//img[@src='resources/images/menu-icon-5.png']}]
Capabilities {acceptInsecureCerts: false, browserName: chrome, browserVersion: 110.0.5481.177, chrome: {chromedriverVersion: 110.0.5481.77 (65ed616c6e8e..., userDataDir: C:\Users\angap\AppData\Loca...}, goog:chromeOptions: {debuggerAddress: localhost:65183}, networkConnectionEnabled: false, pageLoadStrategy: normal, platformName: WINDOWS, proxy: Proxy(), se:cdp: ws://localhost:65183/devtoo..., se:cdpVersion: 110.0.5481.177, setWindowRect: true, strictFileInteractability: false, timeouts: {implicit: 0, pageLoad: 300000, script: 30000}, unhandledPromptBehavior: dismiss and notify, webauthn:extension:credBlob: true, webauthn:extension:largeBlob: true, webauthn:virtualAuthenticators: true}
Session ID: 9546af1fc5bdf74964e6d9a375057f3f]]>
            </message>
            <full-stacktrace>
              <![CDATA[org.openqa.selenium.NoSuchElementException: no such element: Unable to locate element: {"method":"xpath","selector":"//img[@src='resources/images/menu-icon-5.png']"}
  (Session info: chrome=110.0.5481.177)
For documentation on this error, please visit: https://selenium.dev/exceptions/#no_such_element
Build info: version: '4.7.2', revision: '4d4020c3b7'
System info: os.name: 'Windows 10', os.arch: 'amd64', os.version: '10.0', java.version: '11.0.9'
Driver info: org.openqa.selenium.chrome.ChromeDriver
Command: [9546af1fc5bdf74964e6d9a375057f3f, findElement {using=xpath, value=//img[@src='resources/images/menu-icon-5.png']}]
Capabilities {acceptInsecureCerts: false, browserName: chrome, browserVersion: 110.0.5481.177, chrome: {chromedriverVersion: 110.0.5481.77 (65ed616c6e8e..., userDataDir: C:\Users\angap\AppData\Loca...}, goog:chromeOptions: {debuggerAddress: localhost:65183}, networkConnectionEnabled: false, pageLoadStrategy: normal, platformName: WINDOWS, proxy: Proxy(), se:cdp: ws://localhost:65183/devtoo..., se:cdpVersion: 110.0.5481.177, setWindowRect: true, strictFileInteractability: false, timeouts: {implicit: 0, pageLoad: 300000, script: 30000}, unhandledPromptBehavior: dismiss and notify, webauthn:extension:credBlob: true, webauthn:extension:largeBlob: true, webauthn:virtualAuthenticators: true}
Session ID: 9546af1fc5bdf74964e6d9a375057f3f
at java.base/jdk.internal.reflect.NativeConstructorAccessorImpl.newInstance0(Native Method)
at java.base/jdk.internal.reflect.NativeConstructorAccessorImpl.newInstance(NativeConstructorAccessorImpl.java:62)
at java.base/jdk.internal.reflect.DelegatingConstructorAccessorImpl.newInstance(DelegatingConstructorAccessorImpl.java:45)
at java.base/java.lang.reflect.Constructor.newInstance(Constructor.java:490)
at org.openqa.selenium.remote.codec.w3c.W3CHttpResponseCodec.createException(W3CHttpResponseCodec.java:200)
at org.openqa.selenium.remote.codec.w3c.W3CHttpResponseCodec.decode(W3CHttpResponseCodec.java:133)
at org.openqa.selenium.remote.codec.w3c.W3CHttpResponseCodec.decode(W3CHttpResponseCodec.java:53)
at org.openqa.selenium.remote.HttpCommandExecutor.execute(HttpCommandExecutor.java:184)
at org.openqa.selenium.remote.service.DriverCommandExecutor.invokeExecute(DriverCommandExecutor.java:167)
at org.openqa.selenium.remote.service.DriverCommandExecutor.execute(DriverCommandExecutor.java:142)
at org.openqa.selenium.remote.RemoteWebDriver.execute(RemoteWebDriver.java:535)
at org.openqa.selenium.remote.ElementLocation$ElementFinder$2.findElement(ElementLocation.java:162)
at org.openqa.selenium.remote.ElementLocation.findElement(ElementLocation.java:60)
at org.openqa.selenium.remote.RemoteWebDriver.findElement(RemoteWebDriver.java:351)
at org.openqa.selenium.remote.RemoteWebDriver.findElement(RemoteWebDriver.java:343)
at com.hrms.Utils.ElementUtils.getElement(ElementUtils.java:79)
at com.hrms.Utils.ElementUtils.doClick(ElementUtils.java:101)
at com.hrms.pageactions.masters.MastersEducation.CourseCheck(MastersEducation.java:221)
at com.hrms.masters.tests.MastersEducationTest.CourseTest(MastersEducationTest.java:42)
at java.base/jdk.internal.reflect.NativeMethodAccessorImpl.invoke0(Native Method)
at java.base/jdk.internal.reflect.NativeMethodAccessorImpl.invoke(NativeMethodAccessorImpl.java:62)
at java.base/jdk.internal.reflect.DelegatingMethodAccessorImpl.invoke(DelegatingMethodAccessorImpl.java:43)
at java.base/java.lang.reflect.Method.invoke(Method.java:566)
at org.testng.internal.MethodInvocationHelper.invokeMethod(MethodInvocationHelper.java:133)
at org.testng.internal.TestInvoker.invokeMethod(TestInvoker.java:598)
at org.testng.internal.TestInvoker.invokeTestMethod(TestInvoker.java:173)
at org.testng.internal.MethodRunner.runInSequence(MethodRunner.java:46)
at org.testng.internal.TestInvoker$MethodInvocationAgent.invoke(TestInvoker.java:824)
at org.testng.internal.TestInvoker.invokeTestMethods(TestInvoker.java:146)
at org.testng.internal.TestMethodWorker.invokeTestMethods(TestMethodWorker.java:146)
at org.testng.internal.TestMethodWorker.run(TestMethodWorker.java:128)
at java.base/java.util.concurrent.ThreadPoolExecutor.runWorker(ThreadPoolExecutor.java:1128)
at java.base/java.util.concurrent.ThreadPoolExecutor$Worker.run(ThreadPoolExecutor.java:628)
at java.base/java.lang.Thread.run(Thread.java:834)
]]>
            </full-stacktrace>
          </exception> <!-- org.openqa.selenium.NoSuchElementException -->
          <reporter-output>
          </reporter-output>
        </test-method> <!-- CourseTest -->
        <test-method signature="CourseEditTest()[pri:5, instance:com.hrms.masters.tests.MastersEducationTest@4b34fff9]" started-at="2023-02-24T15:48:40 IST" name="CourseEditTest" finished-at="2023-02-24T15:49:20 IST" duration-ms="39989" status="PASS">
          <reporter-output>
          </reporter-output>
        </test-method> <!-- CourseEditTest -->
        <test-method is-config="true" signature="tearDown()[pri:0, instance:com.hrms.masters.tests.MastersEducationTest@4b34fff9]" started-at="2023-02-24T15:49:20 IST" name="tearDown" finished-at="2023-02-24T15:49:21 IST" duration-ms="1216" status="PASS">
          <reporter-output>
          </reporter-output>
        </test-method> <!-- tearDown -->
      </class> <!-- com.hrms.masters.tests.MastersEducationTest -->
    </test> <!-- HRMS automation masters -->
  </suite> <!-- HRMS -->
</testng-results>
