<?xml version="1.0" encoding="UTF-8"?>
<testng-results ignored="9" total="10" passed="1" failed="0" skipped="0">
  <reporter-output>
  </reporter-output>
  <suite started-at="2023-02-16T17:31:33 IST" name="HRMS" finished-at="2023-02-16T17:32:20 IST" duration-ms="46686">
    <groups>
      <group name="Geography">
        <method signature="MastersGeographyTest.CountryTest()[pri:0, instance:com.hrms.masters.tests.MastersGeographyTest@5b03b9fe]" name="CountryTest" class="com.hrms.masters.tests.MastersGeographyTest"/>
      </group> <!-- Geography -->
      <group name="Regression">
        <method signature="MastersGeographyTest.CountryTest()[pri:0, instance:com.hrms.masters.tests.MastersGeographyTest@5b03b9fe]" name="CountryTest" class="com.hrms.masters.tests.MastersGeographyTest"/>
      </group> <!-- Regression -->
      <group name="Country">
        <method signature="MastersGeographyTest.CountryTest()[pri:0, instance:com.hrms.masters.tests.MastersGeographyTest@5b03b9fe]" name="CountryTest" class="com.hrms.masters.tests.MastersGeographyTest"/>
      </group> <!-- Country -->
    </groups>
    <test started-at="2023-02-16T17:31:33 IST" name="HRMS automation masters" finished-at="2023-02-16T17:32:20 IST" duration-ms="46686">
      <class name="com.hrms.masters.tests.MastersGeographyTest">
        <test-method is-config="true" signature="setup()[pri:0, instance:com.hrms.masters.tests.MastersGeographyTest@5b03b9fe]" started-at="2023-02-16T17:31:33 IST" name="setup" finished-at="2023-02-16T17:32:09 IST" duration-ms="36147" status="PASS">
          <reporter-output>
          </reporter-output>
        </test-method> <!-- setup -->
        <test-method signature="CountryTest()[pri:0, instance:com.hrms.masters.tests.MastersGeographyTest@5b03b9fe]" started-at="2023-02-16T17:32:09 IST" name="CountryTest" finished-at="2023-02-16T17:32:18 IST" duration-ms="8100" status="PASS">
          <reporter-output>
          </reporter-output>
        </test-method> <!-- CountryTest -->
        <test-method is-config="true" signature="tearDown()[pri:0, instance:com.hrms.masters.tests.MastersGeographyTest@5b03b9fe]" started-at="2023-02-16T17:32:18 IST" name="tearDown" finished-at="2023-02-16T17:32:20 IST" duration-ms="2367" status="PASS">
          <reporter-output>
          </reporter-output>
        </test-method> <!-- tearDown -->
      </class> <!-- com.hrms.masters.tests.MastersGeographyTest -->
    </test> <!-- HRMS automation masters -->
  </suite> <!-- HRMS -->
</testng-results>
